 line   address	contents
    1                      ; Linked by DLX-LD.
    2                      ; MemSize 24576
    3                      ; Data size: 612
    4                      ; Text size: 5868
    5                      ; Stack size: 8192
    6  00000000          	.text 0x1000
    7  00001000          	.data 0x3000
    8                      ; Compiled by GCC
    9  00003000          	.text
   10  00001000          	.align 2
   11  00001000          	.proc _isspace
   12  00001000          	.global _isspace
   13  00001000          	_isspace:
   14                      ;  Function 'isspace'; 0 bytes of locals, 1 regs to save.
   15  00001000  afbefffc	sw	-4(r29),r30; push fp
   16  00001004  001df020	add	r30,r0,r29; fp = sp
   17  00001008  afbffff8	sw	-8(r29),r31; push ret addr
   18  0000100c  2fbd0010	subui	r29,r29,#16; alloc local storage
   19  00001010  afa20000	sw	0(r29),r2
   20  00001014  83c20003	lb	r2,3(r30)
   21  00001018  201f0000	addi	r31,r0,#0
   22  0000101c  304100ff	andi	r1,r2,#0x00ff
   23  00001020  60210020	seqi	r1,r1,#32
   24  00001024  14200018	bnez	r1,L6_LF0
   25  00001028  54000000	nop; not filled.
   26  0000102c  2041fff7	addi	r1,r2,#-9
   27  00001030  302100ff	andi	r1,r1,#0x00ff
   28  00001034  70210001	sleui	r1,r1,#1
   29  00001038  10200008	beqz	r1,L5_LF0
   30  0000103c  54000000	nop; not filled.
   31  00001040          	L6_LF0:
   32  00001040  201f0001	addi	r31,r0,#1
   33  00001044          	L5_LF0:
   34  00001044  001f0820	add	r1,r0,r31
   35  00001048  8fa20000	lw	r2,0(r29)
   36  0000104c  8fdffff8	lw	r31,-8(r30)
   37  00001050  001ee820	add	r29,r0,r30
   38  00001054  8fdefffc	lw	r30,-4(r30)
   39  00001058  4be00000	jr	r31
   40  0000105c  54000000	nop
   41  00001060          	.endproc _isspace
   42  00001060          	.align 2
   43  00001060          	.proc _isxdigit
   44  00001060          	.global _isxdigit
   45  00001060          	_isxdigit:
   46                      ;  Function 'isxdigit'; 0 bytes of locals, 1 regs to save.
   47  00001060  afbefffc	sw	-4(r29),r30; push fp
   48  00001064  001df020	add	r30,r0,r29; fp = sp
   49  00001068  afbffff8	sw	-8(r29),r31; push ret addr
   50  0000106c  2fbd0010	subui	r29,r29,#16; alloc local storage
   51  00001070  afa20000	sw	0(r29),r2
   52  00001074  83df0003	lb	r31,3(r30)
   53  00001078  20020000	addi	r2,r0,#0
   54  0000107c  23e1ffd0	addi	r1,r31,#-48
   55  00001080  302100ff	andi	r1,r1,#0x00ff
   56  00001084  70210009	sleui	r1,r1,#9
   57  00001088  14200028	bnez	r1,L12_LF0
   58  0000108c  54000000	nop; not filled.
   59  00001090  23e1ff9f	addi	r1,r31,#-97
   60  00001094  302100ff	andi	r1,r1,#0x00ff
   61  00001098  70210005	sleui	r1,r1,#5
   62  0000109c  14200014	bnez	r1,L12_LF0
   63  000010a0  54000000	nop; not filled.
   64  000010a4  33e100ff	andi	r1,r31,#0x00ff
   65  000010a8  64210041	snei	r1,r1,#65
   66  000010ac  14200008	bnez	r1,L11_LF0
   67  000010b0  54000000	nop; not filled.
   68  000010b4          	L12_LF0:
   69  000010b4  20020001	addi	r2,r0,#1
   70  000010b8          	L11_LF0:
   71  000010b8  00020820	add	r1,r0,r2
   72  000010bc  8fa20000	lw	r2,0(r29)
   73  000010c0  8fdffff8	lw	r31,-8(r30)
   74  000010c4  001ee820	add	r29,r0,r30
   75  000010c8  8fdefffc	lw	r30,-4(r30)
   76  000010cc  4be00000	jr	r31
   77  000010d0  54000000	nop
   78  000010d4          	.endproc _isxdigit
   79  000010d4          	.data
   80  00003000          	.align 2
   81  00003000          	LC0_LF0:
   82  00003000  55736167	.ascii "Usage: %s <which program to run (1-6) or all of them (0) \n\000"
   82  00003004  653a2025	
   82  00003008  73203c77	
   82  0000300c  68696368	
   82  00003010  2070726f	
   82  00003014  6772616d	
   82  00003018  20746f20	
   82  0000301c  72756e20	
   82  00003020  28312d36	
   82  00003024  29206f72	
   82  00003028  20616c6c	
   82  0000302c  206f6620	
   82  00003030  7468656d	
   82  00003034  20283029	
   82  00003038  200a00  	
   83  0000303b          	.align 2
   84  0000303c          	LC1_LF0:
   85  0000303c  6d616b65	.ascii "makeprocs (%d): Bad sem_create\n\000"
   85  00003040  70726f63	
   85  00003044  73202825	
   85  00003048  64293a20	
   85  0000304c  42616420	
   85  00003050  73656d5f	
   85  00003054  63726561	
   85  00003058  74650a00	
   86  0000305c          	.align 2
   87  0000305c          	LC2_LF0:
   88  0000305c  0a3d3d3d	.ascii "\n========================================\n\000"
   88  00003060  3d3d3d3d	
   88  00003064  3d3d3d3d	
   88  00003068  3d3d3d3d	
   88  0000306c  3d3d3d3d	
   88  00003070  3d3d3d3d	
   88  00003074  3d3d3d3d	
   88  00003078  3d3d3d3d	
   88  0000307c  3d3d3d3d	
   88  00003080  3d3d3d3d	
   88  00003084  3d0a00  	
   89  00003087          	.align 2
   90  00003088          	LC3_LF0:
   91  00003088  50415254	.ascii "PART 1 START\000"
   91  0000308c  20312053	
   91  00003090  54415254	
   91  00003094  00      	
   92  00003095          	.align 2
   93  00003098          	LC4_LF0:
   94  00003098  0a3d3d3d	.ascii "\n========================================\n\n\000"
   94  0000309c  3d3d3d3d	
   94  000030a0  3d3d3d3d	
   94  000030a4  3d3d3d3d	
   94  000030a8  3d3d3d3d	
   94  000030ac  3d3d3d3d	
   94  000030b0  3d3d3d3d	
   94  000030b4  3d3d3d3d	
   94  000030b8  3d3d3d3d	
   94  000030bc  3d3d3d3d	
   94  000030c0  3d0a0a00	
   95  000030c4          	.align 2
   96  000030c4          	LC5_LF0:
   97  000030c4  70617274	.ascii "part1.dlx.obj\000"
   97  000030c8  312e646c	
   97  000030cc  782e6f62	
   97  000030d0  6a00    	
   98  000030d2          	.align 2
   99  000030d4          	LC6_LF0:
  100  000030d4  42616420	.ascii "Bad semaphore s_procs_completed (%d) in %s\n\000"
  100  000030d8  73656d61	
  100  000030dc  70686f72	
  100  000030e0  6520735f	
  100  000030e4  70726f63	
  100  000030e8  735f636f	
  100  000030ec  6d706c65	
  100  000030f0  74656420	
  100  000030f4  28256429	
  100  000030f8  20696e20	
  100  000030fc  25730a00	
  101  00003100          	.align 2
  102  00003100          	LC7_LF0:
  103  00003100  0a0a3d3d	.ascii "\n\n========================================\n\000"
  103  00003104  3d3d3d3d	
  103  00003108  3d3d3d3d	
  103  0000310c  3d3d3d3d	
  103  00003110  3d3d3d3d	
  103  00003114  3d3d3d3d	
  103  00003118  3d3d3d3d	
  103  0000311c  3d3d3d3d	
  103  00003120  3d3d3d3d	
  103  00003124  3d3d3d3d	
  103  00003128  3d3d0a00	
  104  0000312c          	.align 2
  105  0000312c          	LC8_LF0:
  106  0000312c  50415254	.ascii "PART 1 END\n\000"
  106  00003130  20312045	
  106  00003134  4e440a00	
  107  00003138          	.align 2
  108  00003138          	LC9_LF0:
  109  00003138  50415254	.ascii "PART 2 START\000"
  109  0000313c  20322053	
  109  00003140  54415254	
  109  00003144  00      	
  110  00003145          	.align 2
  111  00003148          	LC10_LF0:
  112  00003148  70617274	.ascii "part2.dlx.obj\000"
  112  0000314c  322e646c	
  112  00003150  782e6f62	
  112  00003154  6a00    	
  113  00003156          	.align 2
  114  00003158          	LC11_LF0:
  115  00003158  50415254	.ascii "PART 2 END\n\000"
  115  0000315c  20322045	
  115  00003160  4e440a00	
  116  00003164          	.align 2
  117  00003164          	LC12_LF0:
  118  00003164  50415254	.ascii "PART 3 START\000"
  118  00003168  20332053	
  118  0000316c  54415254	
  118  00003170  00      	
  119  00003171          	.align 2
  120  00003174          	LC13_LF0:
  121  00003174  70617274	.ascii "part3.dlx.obj\000"
  121  00003178  332e646c	
  121  0000317c  782e6f62	
  121  00003180  6a00    	
  122  00003182          	.align 2
  123  00003184          	LC14_LF0:
  124  00003184  50415254	.ascii "PART 3 END\n\000"
  124  00003188  20332045	
  124  0000318c  4e440a00	
  125  00003190          	.align 2
  126  00003190          	LC15_LF0:
  127  00003190  50415254	.ascii "PART 4 START\000"
  127  00003194  20342053	
  127  00003198  54415254	
  127  0000319c  00      	
  128  0000319d          	.align 2
  129  000031a0          	LC16_LF0:
  130  000031a0  70617274	.ascii "part4.dlx.obj\000"
  130  000031a4  342e646c	
  130  000031a8  782e6f62	
  130  000031ac  6a00    	
  131  000031ae          	.align 2
  132  000031b0          	LC17_LF0:
  133  000031b0  50415254	.ascii "PART 4 END\n\000"
  133  000031b4  20342045	
  133  000031b8  4e440a00	
  134  000031bc          	.align 2
  135  000031bc          	LC18_LF0:
  136  000031bc  50415254	.ascii "PART 5 START\000"
  136  000031c0  20352053	
  136  000031c4  54415254	
  136  000031c8  00      	
  137  000031c9          	.align 2
  138  000031cc          	LC19_LF0:
  139  000031cc  50415254	.ascii "PART 5 END\n\000"
  139  000031d0  20352045	
  139  000031d4  4e440a00	
  140  000031d8          	.align 2
  141  000031d8          	LC20_LF0:
  142  000031d8  50415254	.ascii "PART 6 START\000"
  142  000031dc  20362053	
  142  000031e0  54415254	
  142  000031e4  00      	
  143  000031e5          	.align 2
  144  000031e8          	LC21_LF0:
  145  000031e8  70617274	.ascii "part6.dlx.obj\000"
  145  000031ec  362e646c	
  145  000031f0  782e6f62	
  145  000031f4  6a00    	
  146  000031f6          	.align 2
  147  000031f8          	LC22_LF0:
  148  000031f8  50415254	.ascii "PART 6 END\n\000"
  148  000031fc  20362045	
  148  00003200  4e440a00	
  149  00003204          	.align 2
  150  00003204          	LC23_LF0:
  151  00003204  6d616b65	.ascii "makeprocs (%d): All other processes completed, exiting main process.\n"
  151  00003208  70726f63	
  151  0000320c  73202825	
  151  00003210  64293a20	
  151  00003214  416c6c20	
  151  00003218  6f746865	
  151  0000321c  72207072	
  151  00003220  6f636573	
  151  00003224  73657320	
  151  00003228  636f6d70	
  151  0000322c  6c657465	
  151  00003230  642c2065	
  151  00003234  78697469	
  151  00003238  6e67206d	
  151  0000323c  61696e20	
  151  00003240  70726f63	
  151  00003244  6573732e	
  151  00003248  0a      	
  152  00003249  00      	.ascii "\000"
  153  0000324a          	.text
  154  000010d4          	.align 2
  155  000010d4          	.proc _main
  156  000010d4          	.global _main
  157  000010d4          	_main:
  158                      ;  Function 'main'; 16 bytes of locals, 0 regs to save.
  159  000010d4  afbefffc	sw	-4(r29),r30; push fp
  160  000010d8  001df020	add	r30,r0,r29; fp = sp
  161  000010dc  afbffff8	sw	-8(r29),r31; push ret addr
  162  000010e0  2fbd0018	subui	r29,r29,#24; alloc local storage
  163  000010e4  8fc20000	lw	r2,(r30)
  164  000010e8  8fc50004	lw	r5,4(r30)
  165  000010ec  0c0015f4	jal	___main
  166  000010f0  54000000	nop; not filled.
  167  000010f4  64410002	snei	r1,r2,#2
  168  000010f8  10200030	beqz	r1,L14_LF0
  169  000010fc  54000000	nop; not filled.
  170  00001100  23bdfff8	addi	r29,r29,#-8
  171  00001104  3c060000	lhi	r6,((LC0_LF0)>>16)&0xffff
  172  00001108  24c63000	addui	r6,r6,(LC0_LF0)&0xffff
  173  0000110c  afa60000	sw	(r29),r6
  174  00001110  8ca10000	lw	r1,(r5)
  175  00001114  afa10004	sw	4(r29),r1
  176  00001118  0c000708	jal	_Printf
  177  0000111c  54000000	nop; not filled.
  178  00001120  0c000808	jal	_Exit
  179  00001124  54000000	nop; not filled.
  180  00001128  23bd0008	addi	r29,r29,#8
  181  0000112c          	L14_LF0:
  182  0000112c  23bdfff0	addi	r29,r29,#-16
  183  00001130  8ca60004	lw	r6,4(r5)
  184  00001134  afa60000	sw	(r29),r6
  185  00001138  20060000	addi	r6,r0,#0
  186  0000113c  afa60004	sw	4(r29),r6
  187  00001140  2006000a	addi	r6,r0,#10
  188  00001144  afa60008	sw	8(r29),r6
  189  00001148  0c00109c	jal	_dstrtol
  190  0000114c  54000000	nop; not filled.
  191  00001150  00011020	add	r2,r0,r1
  192  00001154  20060000	addi	r6,r0,#0
  193  00001158  afa60000	sw	(r29),r6
  194  0000115c  0c000700	jal	_sem_create
  195  00001160  54000000	nop; not filled.
  196  00001164  00011820	add	r3,r0,r1
  197  00001168  23bd0010	addi	r29,r29,#16
  198  0000116c  6061ffff	seqi	r1,r3,#-1
  199  00001170  10200034	beqz	r1,L15_LF0
  200  00001174  54000000	nop; not filled.
  201  00001178  0c0006b4	jal	_getpid
  202  0000117c  54000000	nop; not filled.
  203  00001180  23bdfff8	addi	r29,r29,#-8
  204  00001184  3c060000	lhi	r6,((LC1_LF0)>>16)&0xffff
  205  00001188  24c6303c	addui	r6,r6,(LC1_LF0)&0xffff
  206  0000118c  afa60000	sw	(r29),r6
  207  00001190  afa10004	sw	4(r29),r1
  208  00001194  0c00068c	jal	_Printf
  209  00001198  54000000	nop; not filled.
  210  0000119c  0c00078c	jal	_Exit
  211  000011a0  54000000	nop; not filled.
  212  000011a4  23bd0008	addi	r29,r29,#8
  213  000011a8          	L15_LF0:
  214  000011a8  23bdfff8	addi	r29,r29,#-8
  215  000011ac  afa30000	sw	(r29),r3
  216  000011b0  23c1ffe8	addi	r1,r30,#-24
  217  000011b4  afa10004	sw	4(r29),r1
  218  000011b8  0c000ea0	jal	_ditoa
  219  000011bc  54000000	nop; not filled.
  220  000011c0  23bd0008	addi	r29,r29,#8
  221  000011c4  2042ffff	addi	r2,r2,#-1
  222  000011c8  6c410005	sgtui	r1,r2,#5
  223  000011cc  142005dc	bnez	r1,L16_LF0
  224  000011d0  54000000	nop; not filled.
  225  000011d4  50410002	slli	r1,r2,#0x2
  226  000011d8  3c060000	lhi	r6,((L39_LF0)>>16)&0xffff
  227  000011dc  24c6324c	addui	r6,r6,(L39_LF0)&0xffff
  228  000011e0  00260820	add	r1,r1,r6
  229  000011e4  8c210000	lw	r1,(r1)
  230  000011e8  48200000	jr	r1
  231  000011ec  54000000	nop; not filled.
  232  000011f0          	.data
  233  0000324a          	.align 2
  234  0000324c          	L39_LF0:
  235  0000324c  000011f0	.word L17_LF0
  236  00003250  000012dc	.word L19_LF0
  237  00003254  000013c8	.word L21_LF0
  238  00003258  000014b4	.word L23_LF0
  239  0000325c  000015a0	.word L25_LF0
  240  00003260  00001694	.word L32_LF0
  241  00003264          	.text
  242  000011f0          	L17_LF0:
  243  000011f0  23bdfff8	addi	r29,r29,#-8
  244  000011f4  3c020000	lhi	r2,((LC2_LF0)>>16)&0xffff
  245  000011f8  2442305c	addui	r2,r2,(LC2_LF0)&0xffff
  246  000011fc  afa20000	sw	(r29),r2
  247  00001200  0c000620	jal	_Printf
  248  00001204  54000000	nop; not filled.
  249  00001208  3c060000	lhi	r6,((LC3_LF0)>>16)&0xffff
  250  0000120c  24c63088	addui	r6,r6,(LC3_LF0)&0xffff
  251  00001210  afa60000	sw	(r29),r6
  252  00001214  0c00060c	jal	_Printf
  253  00001218  54000000	nop; not filled.
  254  0000121c  3c060000	lhi	r6,((LC4_LF0)>>16)&0xffff
  255  00001220  24c63098	addui	r6,r6,(LC4_LF0)&0xffff
  256  00001224  afa60000	sw	(r29),r6
  257  00001228  0c0005f8	jal	_Printf
  258  0000122c  54000000	nop; not filled.
  259  00001230  23bdfff8	addi	r29,r29,#-8
  260  00001234  3c060000	lhi	r6,((LC5_LF0)>>16)&0xffff
  261  00001238  24c630c4	addui	r6,r6,(LC5_LF0)&0xffff
  262  0000123c  afa60000	sw	(r29),r6
  263  00001240  23c1ffe8	addi	r1,r30,#-24
  264  00001244  afa10004	sw	4(r29),r1
  265  00001248  20060000	addi	r6,r0,#0
  266  0000124c  afa60008	sw	8(r29),r6
  267  00001250  0c0005e8	jal	_process_create
  268  00001254  54000000	nop; not filled.
  269  00001258  afa30000	sw	(r29),r3
  270  0000125c  0c00060c	jal	_sem_wait
  271  00001260  54000000	nop; not filled.
  272  00001264  23bd0010	addi	r29,r29,#16
  273  00001268  64210001	snei	r1,r1,#1
  274  0000126c  10200034	beqz	r1,L18_LF0
  275  00001270  54000000	nop; not filled.
  276  00001274  23bdfff0	addi	r29,r29,#-16
  277  00001278  3c060000	lhi	r6,((LC6_LF0)>>16)&0xffff
  278  0000127c  24c630d4	addui	r6,r6,(LC6_LF0)&0xffff
  279  00001280  afa60000	sw	(r29),r6
  280  00001284  afa30004	sw	4(r29),r3
  281  00001288  8ca50000	lw	r5,(r5)
  282  0000128c  afa50008	sw	8(r29),r5
  283  00001290  0c000590	jal	_Printf
  284  00001294  54000000	nop; not filled.
  285  00001298  0c000690	jal	_Exit
  286  0000129c  54000000	nop; not filled.
  287  000012a0  23bd0010	addi	r29,r29,#16
  288  000012a4          	L18_LF0:
  289  000012a4  23bdfff8	addi	r29,r29,#-8
  290  000012a8  3c060000	lhi	r6,((LC7_LF0)>>16)&0xffff
  291  000012ac  24c63100	addui	r6,r6,(LC7_LF0)&0xffff
  292  000012b0  afa60000	sw	(r29),r6
  293  000012b4  0c00056c	jal	_Printf
  294  000012b8  54000000	nop; not filled.
  295  000012bc  3c060000	lhi	r6,((LC8_LF0)>>16)&0xffff
  296  000012c0  24c6312c	addui	r6,r6,(LC8_LF0)&0xffff
  297  000012c4  afa60000	sw	(r29),r6
  298  000012c8  0c000558	jal	_Printf
  299  000012cc  54000000	nop; not filled.
  300  000012d0  afa20000	sw	(r29),r2
  301  000012d4  080004c8	j	L41_LF0
  302  000012d8  54000000	nop; not filled.
  303  000012dc          	L19_LF0:
  304  000012dc  23bdfff8	addi	r29,r29,#-8
  305  000012e0  3c020000	lhi	r2,((LC2_LF0)>>16)&0xffff
  306  000012e4  2442305c	addui	r2,r2,(LC2_LF0)&0xffff
  307  000012e8  afa20000	sw	(r29),r2
  308  000012ec  0c000534	jal	_Printf
  309  000012f0  54000000	nop; not filled.
  310  000012f4  3c060000	lhi	r6,((LC9_LF0)>>16)&0xffff
  311  000012f8  24c63138	addui	r6,r6,(LC9_LF0)&0xffff
  312  000012fc  afa60000	sw	(r29),r6
  313  00001300  0c000520	jal	_Printf
  314  00001304  54000000	nop; not filled.
  315  00001308  3c060000	lhi	r6,((LC4_LF0)>>16)&0xffff
  316  0000130c  24c63098	addui	r6,r6,(LC4_LF0)&0xffff
  317  00001310  afa60000	sw	(r29),r6
  318  00001314  0c00050c	jal	_Printf
  319  00001318  54000000	nop; not filled.
  320  0000131c  23bdfff8	addi	r29,r29,#-8
  321  00001320  3c060000	lhi	r6,((LC10_LF0)>>16)&0xffff
  322  00001324  24c63148	addui	r6,r6,(LC10_LF0)&0xffff
  323  00001328  afa60000	sw	(r29),r6
  324  0000132c  23c1ffe8	addi	r1,r30,#-24
  325  00001330  afa10004	sw	4(r29),r1
  326  00001334  20060000	addi	r6,r0,#0
  327  00001338  afa60008	sw	8(r29),r6
  328  0000133c  0c0004fc	jal	_process_create
  329  00001340  54000000	nop; not filled.
  330  00001344  afa30000	sw	(r29),r3
  331  00001348  0c000520	jal	_sem_wait
  332  0000134c  54000000	nop; not filled.
  333  00001350  23bd0010	addi	r29,r29,#16
  334  00001354  64210001	snei	r1,r1,#1
  335  00001358  10200034	beqz	r1,L20_LF0
  336  0000135c  54000000	nop; not filled.
  337  00001360  23bdfff0	addi	r29,r29,#-16
  338  00001364  3c060000	lhi	r6,((LC6_LF0)>>16)&0xffff
  339  00001368  24c630d4	addui	r6,r6,(LC6_LF0)&0xffff
  340  0000136c  afa60000	sw	(r29),r6
  341  00001370  afa30004	sw	4(r29),r3
  342  00001374  8ca50000	lw	r5,(r5)
  343  00001378  afa50008	sw	8(r29),r5
  344  0000137c  0c0004a4	jal	_Printf
  345  00001380  54000000	nop; not filled.
  346  00001384  0c0005a4	jal	_Exit
  347  00001388  54000000	nop; not filled.
  348  0000138c  23bd0010	addi	r29,r29,#16
  349  00001390          	L20_LF0:
  350  00001390  23bdfff8	addi	r29,r29,#-8
  351  00001394  3c060000	lhi	r6,((LC7_LF0)>>16)&0xffff
  352  00001398  24c63100	addui	r6,r6,(LC7_LF0)&0xffff
  353  0000139c  afa60000	sw	(r29),r6
  354  000013a0  0c000480	jal	_Printf
  355  000013a4  54000000	nop; not filled.
  356  000013a8  3c060000	lhi	r6,((LC11_LF0)>>16)&0xffff
  357  000013ac  24c63158	addui	r6,r6,(LC11_LF0)&0xffff
  358  000013b0  afa60000	sw	(r29),r6
  359  000013b4  0c00046c	jal	_Printf
  360  000013b8  54000000	nop; not filled.
  361  000013bc  afa20000	sw	(r29),r2
  362  000013c0  080003dc	j	L41_LF0
  363  000013c4  54000000	nop; not filled.
  364  000013c8          	L21_LF0:
  365  000013c8  23bdfff8	addi	r29,r29,#-8
  366  000013cc  3c020000	lhi	r2,((LC2_LF0)>>16)&0xffff
  367  000013d0  2442305c	addui	r2,r2,(LC2_LF0)&0xffff
  368  000013d4  afa20000	sw	(r29),r2
  369  000013d8  0c000448	jal	_Printf
  370  000013dc  54000000	nop; not filled.
  371  000013e0  3c060000	lhi	r6,((LC12_LF0)>>16)&0xffff
  372  000013e4  24c63164	addui	r6,r6,(LC12_LF0)&0xffff
  373  000013e8  afa60000	sw	(r29),r6
  374  000013ec  0c000434	jal	_Printf
  375  000013f0  54000000	nop; not filled.
  376  000013f4  3c060000	lhi	r6,((LC4_LF0)>>16)&0xffff
  377  000013f8  24c63098	addui	r6,r6,(LC4_LF0)&0xffff
  378  000013fc  afa60000	sw	(r29),r6
  379  00001400  0c000420	jal	_Printf
  380  00001404  54000000	nop; not filled.
  381  00001408  23bdfff8	addi	r29,r29,#-8
  382  0000140c  3c060000	lhi	r6,((LC13_LF0)>>16)&0xffff
  383  00001410  24c63174	addui	r6,r6,(LC13_LF0)&0xffff
  384  00001414  afa60000	sw	(r29),r6
  385  00001418  23c1ffe8	addi	r1,r30,#-24
  386  0000141c  afa10004	sw	4(r29),r1
  387  00001420  20060000	addi	r6,r0,#0
  388  00001424  afa60008	sw	8(r29),r6
  389  00001428  0c000410	jal	_process_create
  390  0000142c  54000000	nop; not filled.
  391  00001430  afa30000	sw	(r29),r3
  392  00001434  0c000434	jal	_sem_wait
  393  00001438  54000000	nop; not filled.
  394  0000143c  23bd0010	addi	r29,r29,#16
  395  00001440  64210001	snei	r1,r1,#1
  396  00001444  10200034	beqz	r1,L22_LF0
  397  00001448  54000000	nop; not filled.
  398  0000144c  23bdfff0	addi	r29,r29,#-16
  399  00001450  3c060000	lhi	r6,((LC6_LF0)>>16)&0xffff
  400  00001454  24c630d4	addui	r6,r6,(LC6_LF0)&0xffff
  401  00001458  afa60000	sw	(r29),r6
  402  0000145c  afa30004	sw	4(r29),r3
  403  00001460  8ca50000	lw	r5,(r5)
  404  00001464  afa50008	sw	8(r29),r5
  405  00001468  0c0003b8	jal	_Printf
  406  0000146c  54000000	nop; not filled.
  407  00001470  0c0004b8	jal	_Exit
  408  00001474  54000000	nop; not filled.
  409  00001478  23bd0010	addi	r29,r29,#16
  410  0000147c          	L22_LF0:
  411  0000147c  23bdfff8	addi	r29,r29,#-8
  412  00001480  3c060000	lhi	r6,((LC7_LF0)>>16)&0xffff
  413  00001484  24c63100	addui	r6,r6,(LC7_LF0)&0xffff
  414  00001488  afa60000	sw	(r29),r6
  415  0000148c  0c000394	jal	_Printf
  416  00001490  54000000	nop; not filled.
  417  00001494  3c060000	lhi	r6,((LC14_LF0)>>16)&0xffff
  418  00001498  24c63184	addui	r6,r6,(LC14_LF0)&0xffff
  419  0000149c  afa60000	sw	(r29),r6
  420  000014a0  0c000380	jal	_Printf
  421  000014a4  54000000	nop; not filled.
  422  000014a8  afa20000	sw	(r29),r2
  423  000014ac  080002f0	j	L41_LF0
  424  000014b0  54000000	nop; not filled.
  425  000014b4          	L23_LF0:
  426  000014b4  23bdfff8	addi	r29,r29,#-8
  427  000014b8  3c020000	lhi	r2,((LC2_LF0)>>16)&0xffff
  428  000014bc  2442305c	addui	r2,r2,(LC2_LF0)&0xffff
  429  000014c0  afa20000	sw	(r29),r2
  430  000014c4  0c00035c	jal	_Printf
  431  000014c8  54000000	nop; not filled.
  432  000014cc  3c060000	lhi	r6,((LC15_LF0)>>16)&0xffff
  433  000014d0  24c63190	addui	r6,r6,(LC15_LF0)&0xffff
  434  000014d4  afa60000	sw	(r29),r6
  435  000014d8  0c000348	jal	_Printf
  436  000014dc  54000000	nop; not filled.
  437  000014e0  3c060000	lhi	r6,((LC4_LF0)>>16)&0xffff
  438  000014e4  24c63098	addui	r6,r6,(LC4_LF0)&0xffff
  439  000014e8  afa60000	sw	(r29),r6
  440  000014ec  0c000334	jal	_Printf
  441  000014f0  54000000	nop; not filled.
  442  000014f4  23bdfff8	addi	r29,r29,#-8
  443  000014f8  3c060000	lhi	r6,((LC16_LF0)>>16)&0xffff
  444  000014fc  24c631a0	addui	r6,r6,(LC16_LF0)&0xffff
  445  00001500  afa60000	sw	(r29),r6
  446  00001504  23c1ffe8	addi	r1,r30,#-24
  447  00001508  afa10004	sw	4(r29),r1
  448  0000150c  20060000	addi	r6,r0,#0
  449  00001510  afa60008	sw	8(r29),r6
  450  00001514  0c000324	jal	_process_create
  451  00001518  54000000	nop; not filled.
  452  0000151c  afa30000	sw	(r29),r3
  453  00001520  0c000348	jal	_sem_wait
  454  00001524  54000000	nop; not filled.
  455  00001528  23bd0010	addi	r29,r29,#16
  456  0000152c  64210001	snei	r1,r1,#1
  457  00001530  10200034	beqz	r1,L24_LF0
  458  00001534  54000000	nop; not filled.
  459  00001538  23bdfff0	addi	r29,r29,#-16
  460  0000153c  3c060000	lhi	r6,((LC6_LF0)>>16)&0xffff
  461  00001540  24c630d4	addui	r6,r6,(LC6_LF0)&0xffff
  462  00001544  afa60000	sw	(r29),r6
  463  00001548  afa30004	sw	4(r29),r3
  464  0000154c  8ca50000	lw	r5,(r5)
  465  00001550  afa50008	sw	8(r29),r5
  466  00001554  0c0002cc	jal	_Printf
  467  00001558  54000000	nop; not filled.
  468  0000155c  0c0003cc	jal	_Exit
  469  00001560  54000000	nop; not filled.
  470  00001564  23bd0010	addi	r29,r29,#16
  471  00001568          	L24_LF0:
  472  00001568  23bdfff8	addi	r29,r29,#-8
  473  0000156c  3c060000	lhi	r6,((LC7_LF0)>>16)&0xffff
  474  00001570  24c63100	addui	r6,r6,(LC7_LF0)&0xffff
  475  00001574  afa60000	sw	(r29),r6
  476  00001578  0c0002a8	jal	_Printf
  477  0000157c  54000000	nop; not filled.
  478  00001580  3c060000	lhi	r6,((LC17_LF0)>>16)&0xffff
  479  00001584  24c631b0	addui	r6,r6,(LC17_LF0)&0xffff
  480  00001588  afa60000	sw	(r29),r6
  481  0000158c  0c000294	jal	_Printf
  482  00001590  54000000	nop; not filled.
  483  00001594  afa20000	sw	(r29),r2
  484  00001598  08000204	j	L41_LF0
  485  0000159c  54000000	nop; not filled.
  486  000015a0          	L25_LF0:
  487  000015a0  23bdfff8	addi	r29,r29,#-8
  488  000015a4  3c060000	lhi	r6,((LC2_LF0)>>16)&0xffff
  489  000015a8  24c6305c	addui	r6,r6,(LC2_LF0)&0xffff
  490  000015ac  afa60000	sw	(r29),r6
  491  000015b0  0c000270	jal	_Printf
  492  000015b4  54000000	nop; not filled.
  493  000015b8  3c060000	lhi	r6,((LC18_LF0)>>16)&0xffff
  494  000015bc  24c631bc	addui	r6,r6,(LC18_LF0)&0xffff
  495  000015c0  afa60000	sw	(r29),r6
  496  000015c4  0c00025c	jal	_Printf
  497  000015c8  54000000	nop; not filled.
  498  000015cc  3c060000	lhi	r6,((LC4_LF0)>>16)&0xffff
  499  000015d0  24c63098	addui	r6,r6,(LC4_LF0)&0xffff
  500  000015d4  afa60000	sw	(r29),r6
  501  000015d8  0c000248	jal	_Printf
  502  000015dc  54000000	nop; not filled.
  503  000015e0  20020000	addi	r2,r0,#0
  504  000015e4  23bd0008	addi	r29,r29,#8
  505  000015e8  23c4ffe8	addi	r4,r30,#-24
  506  000015ec          	L29_LF0:
  507  000015ec  23bdfff0	addi	r29,r29,#-16
  508  000015f0  3c060000	lhi	r6,((LC5_LF0)>>16)&0xffff
  509  000015f4  24c630c4	addui	r6,r6,(LC5_LF0)&0xffff
  510  000015f8  afa60000	sw	(r29),r6
  511  000015fc  afa40004	sw	4(r29),r4
  512  00001600  20060000	addi	r6,r0,#0
  513  00001604  afa60008	sw	8(r29),r6
  514  00001608  0c000230	jal	_process_create
  515  0000160c  54000000	nop; not filled.
  516  00001610  afa30000	sw	(r29),r3
  517  00001614  0c000254	jal	_sem_wait
  518  00001618  54000000	nop; not filled.
  519  0000161c  23bd0010	addi	r29,r29,#16
  520  00001620  64210001	snei	r1,r1,#1
  521  00001624  10200034	beqz	r1,L28_LF0
  522  00001628  54000000	nop; not filled.
  523  0000162c  23bdfff0	addi	r29,r29,#-16
  524  00001630  3c060000	lhi	r6,((LC6_LF0)>>16)&0xffff
  525  00001634  24c630d4	addui	r6,r6,(LC6_LF0)&0xffff
  526  00001638  afa60000	sw	(r29),r6
  527  0000163c  afa30004	sw	4(r29),r3
  528  00001640  8ca60000	lw	r6,(r5)
  529  00001644  afa60008	sw	8(r29),r6
  530  00001648  0c0001d8	jal	_Printf
  531  0000164c  54000000	nop; not filled.
  532  00001650  0c0002d8	jal	_Exit
  533  00001654  54000000	nop; not filled.
  534  00001658  23bd0010	addi	r29,r29,#16
  535  0000165c          	L28_LF0:
  536  0000165c  20420001	addi	r2,r2,#1
  537  00001660  70410063	slei	r1,r2,#99
  538  00001664  1420ff84	bnez	r1,L29_LF0
  539  00001668  54000000	nop; not filled.
  540  0000166c  23bdfff8	addi	r29,r29,#-8
  541  00001670  3c060000	lhi	r6,((LC7_LF0)>>16)&0xffff
  542  00001674  24c63100	addui	r6,r6,(LC7_LF0)&0xffff
  543  00001678  afa60000	sw	(r29),r6
  544  0000167c  0c0001a4	jal	_Printf
  545  00001680  54000000	nop; not filled.
  546  00001684  3c060000	lhi	r6,((LC19_LF0)>>16)&0xffff
  547  00001688  24c631cc	addui	r6,r6,(LC19_LF0)&0xffff
  548  0000168c  080000f8	j	L42_LF0
  549  00001690  54000000	nop; not filled.
  550  00001694          	L32_LF0:
  551  00001694  23bdfff8	addi	r29,r29,#-8
  552  00001698  3c060000	lhi	r6,((LC2_LF0)>>16)&0xffff
  553  0000169c  24c6305c	addui	r6,r6,(LC2_LF0)&0xffff
  554  000016a0  afa60000	sw	(r29),r6
  555  000016a4  0c00017c	jal	_Printf
  556  000016a8  54000000	nop; not filled.
  557  000016ac  3c060000	lhi	r6,((LC20_LF0)>>16)&0xffff
  558  000016b0  24c631d8	addui	r6,r6,(LC20_LF0)&0xffff
  559  000016b4  afa60000	sw	(r29),r6
  560  000016b8  0c000168	jal	_Printf
  561  000016bc  54000000	nop; not filled.
  562  000016c0  3c060000	lhi	r6,((LC4_LF0)>>16)&0xffff
  563  000016c4  24c63098	addui	r6,r6,(LC4_LF0)&0xffff
  564  000016c8  afa60000	sw	(r29),r6
  565  000016cc  0c000154	jal	_Printf
  566  000016d0  54000000	nop; not filled.
  567  000016d4  20020000	addi	r2,r0,#0
  568  000016d8  23bd0008	addi	r29,r29,#8
  569  000016dc  23c4ffe8	addi	r4,r30,#-24
  570  000016e0          	L36_LF0:
  571  000016e0  23bdfff0	addi	r29,r29,#-16
  572  000016e4  3c060000	lhi	r6,((LC21_LF0)>>16)&0xffff
  573  000016e8  24c631e8	addui	r6,r6,(LC21_LF0)&0xffff
  574  000016ec  afa60000	sw	(r29),r6
  575  000016f0  afa40004	sw	4(r29),r4
  576  000016f4  20060000	addi	r6,r0,#0
  577  000016f8  afa60008	sw	8(r29),r6
  578  000016fc  0c00013c	jal	_process_create
  579  00001700  54000000	nop; not filled.
  580  00001704  23bd0010	addi	r29,r29,#16
  581  00001708  20420001	addi	r2,r2,#1
  582  0000170c  7041001d	slei	r1,r2,#29
  583  00001710  1420ffcc	bnez	r1,L36_LF0
  584  00001714  54000000	nop; not filled.
  585  00001718  23bdfff8	addi	r29,r29,#-8
  586  0000171c  afa30000	sw	(r29),r3
  587  00001720  0c000148	jal	_sem_wait
  588  00001724  54000000	nop; not filled.
  589  00001728  23bd0008	addi	r29,r29,#8
  590  0000172c  64210001	snei	r1,r1,#1
  591  00001730  10200034	beqz	r1,L38_LF0
  592  00001734  54000000	nop; not filled.
  593  00001738  23bdfff0	addi	r29,r29,#-16
  594  0000173c  3c060000	lhi	r6,((LC6_LF0)>>16)&0xffff
  595  00001740  24c630d4	addui	r6,r6,(LC6_LF0)&0xffff
  596  00001744  afa60000	sw	(r29),r6
  597  00001748  afa30004	sw	4(r29),r3
  598  0000174c  8ca50000	lw	r5,(r5)
  599  00001750  afa50008	sw	8(r29),r5
  600  00001754  0c0000cc	jal	_Printf
  601  00001758  54000000	nop; not filled.
  602  0000175c  0c0001cc	jal	_Exit
  603  00001760  54000000	nop; not filled.
  604  00001764  23bd0010	addi	r29,r29,#16
  605  00001768          	L38_LF0:
  606  00001768  23bdfff8	addi	r29,r29,#-8
  607  0000176c  3c060000	lhi	r6,((LC7_LF0)>>16)&0xffff
  608  00001770  24c63100	addui	r6,r6,(LC7_LF0)&0xffff
  609  00001774  afa60000	sw	(r29),r6
  610  00001778  0c0000a8	jal	_Printf
  611  0000177c  54000000	nop; not filled.
  612  00001780  3c060000	lhi	r6,((LC22_LF0)>>16)&0xffff
  613  00001784  24c631f8	addui	r6,r6,(LC22_LF0)&0xffff
  614  00001788          	L42_LF0:
  615  00001788  afa60000	sw	(r29),r6
  616  0000178c  0c000094	jal	_Printf
  617  00001790  54000000	nop; not filled.
  618  00001794  3c060000	lhi	r6,((LC2_LF0)>>16)&0xffff
  619  00001798  24c6305c	addui	r6,r6,(LC2_LF0)&0xffff
  620  0000179c  afa60000	sw	(r29),r6
  621  000017a0          	L41_LF0:
  622  000017a0  0c000080	jal	_Printf
  623  000017a4  54000000	nop; not filled.
  624  000017a8  23bd0008	addi	r29,r29,#8
  625  000017ac          	L16_LF0:
  626  000017ac  0c000080	jal	_getpid
  627  000017b0  54000000	nop; not filled.
  628  000017b4  23bdfff8	addi	r29,r29,#-8
  629  000017b8  3c060000	lhi	r6,((LC23_LF0)>>16)&0xffff
  630  000017bc  24c63204	addui	r6,r6,(LC23_LF0)&0xffff
  631  000017c0  afa60000	sw	(r29),r6
  632  000017c4  afa10004	sw	4(r29),r1
  633  000017c8  0c000058	jal	_Printf
  634  000017cc  54000000	nop; not filled.
  635  000017d0  23bd0008	addi	r29,r29,#8
  636  000017d4  0c000f00	jal	_exit
  637  000017d8  54000000	nop
  638  000017dc          	.endproc _main
  639                      ;;;
  640                      ;;; Stub functions for DLX traps.
  641                      ;;;
  642                      ;;; Ethan L. Miller, 1999.  Released to the public domain.
  643                      ;;;
  644                      ;;; The traps such as Open and Close
  645                      ;;; (note the capital letters) are for use by user programs.  The traps
  646                      ;;; with names such as open and close (lower case) are for use by the OS.
  647                      ;;;
  650  000017dc          	.align 2
  652                      ;;; The following are the traps to be used by user-level programs
  653                      ;;;
  655  000017dc          	.align 2
  656  000017dc          	.proc _Open
  657  000017dc          	.global _Open
  658  000017dc          	_Open:
  659                      ;;; Note that trap #0x213 actually causes a trap vector in the OS of
  660                      ;;; 0x1213.  The same is true for other user traps.  Thus, a user trap
  661                      ;;; with trap #0x240 will result in a trap vector of 0x1240 in the OS.
  662  000017dc  44000213	trap	#0x213
  663  000017e0  4be00000	jr	r31
  664  000017e4  54000000	nop
  665  000017e8          	.endproc _Open
  667  000017e8          	.proc _Close
  668  000017e8          	.global _Close
  669  000017e8          	_Close:
  670  000017e8  44000214	trap	#0x214
  671  000017ec  4be00000	jr	r31
  672  000017f0  54000000	nop
  673  000017f4          	.endproc _Close
  675  000017f4          	.proc _Read
  676  000017f4          	.global _Read
  677  000017f4          	_Read:
  678  000017f4  44000210	trap	#0x210
  679  000017f8  4be00000	jr	r31
  680  000017fc  54000000	nop
  681  00001800          	.endproc _Read
  683  00001800          	.proc _Write
  684  00001800          	.global _Write
  685  00001800          	_Write:
  686  00001800  44000211	trap	#0x211
  687  00001804  4be00000	jr	r31
  688  00001808  54000000	nop
  689  0000180c          	.endproc _Write
  691  0000180c          	.proc _Lseek
  692  0000180c          	.global _Lseek
  693  0000180c          	_Lseek:
  694  0000180c  44000212	trap	#0x212
  695  00001810  4be00000	jr	r31
  696  00001814  54000000	nop
  697  00001818          	.endproc _Lseek
  699  00001818          	.proc _Putchar
  700  00001818          	.global _Putchar
  701  00001818          	_Putchar:
  702  00001818  44000280	trap	#0x280
  703  0000181c  4be00000	jr	r31
  704  00001820  54000000	nop
  705  00001824          	.endproc _Putchar
  707  00001824          	.proc _Printf
  708  00001824          	.global _Printf
  709  00001824          	_Printf:
  710  00001824  44000201	trap	#0x201
  711  00001828  4be00000	jr	r31
  712  0000182c  54000000	nop
  713  00001830          	.endproc _Printf
  715  00001830          	.proc _getpid
  716  00001830          	.global _getpid
  717  00001830          	_getpid:
  718  00001830  44000431	trap	#0x431
  719  00001834  4be00000	jr	r31
  720  00001838  54000000	nop
  721  0000183c          	.endproc _getpid
  723  0000183c          	.proc _process_create
  724  0000183c          	.global _process_create
  725  0000183c          	_process_create:
  726  0000183c  44000432	trap	#0x432
  727  00001840  4be00000	jr	r31
  728  00001844  54000000	nop
  729  00001848          	.endproc _process_create
  731  00001848          	.proc _shmget
  732  00001848          	.global _shmget
  733  00001848          	_shmget:
  734  00001848  44000440	trap	#0x440
  735  0000184c  4be00000	jr	r31
  736  00001850  54000000	nop
  737  00001854          	.endproc _shmget
  739  00001854          	.proc _shmat
  740  00001854          	.global _shmat
  741  00001854          	_shmat:
  742  00001854  44000441	trap	#0x441
  743  00001858  4be00000	jr	r31
  744  0000185c  54000000	nop
  745  00001860          	.endproc _shmat
  747  00001860          	.proc _sem_create
  748  00001860          	.global _sem_create
  749  00001860          	_sem_create:
  750  00001860  44000450	trap	#0x450
  751  00001864  4be00000	jr	r31
  752  00001868  54000000	nop
  753  0000186c          	.endproc _sem_create
  755  0000186c          	.proc _sem_wait
  756  0000186c          	.global _sem_wait
  757  0000186c          	_sem_wait:
  758  0000186c  44000451	trap	#0x451
  759  00001870  4be00000	jr	r31
  760  00001874  54000000	nop
  761  00001878          	.endproc _sem_wait
  763  00001878          	.proc _sem_signal
  764  00001878          	.global _sem_signal
  765  00001878          	_sem_signal:
  766  00001878  44000452	trap	#0x452
  767  0000187c  4be00000	jr	r31
  768  00001880  54000000	nop
  769  00001884          	.endproc _sem_signal
  771  00001884          	.proc _lock_create
  772  00001884          	.global _lock_create
  773  00001884          	_lock_create:
  774  00001884  44000453	trap	#0x453
  775  00001888  4be00000	jr	r31
  776  0000188c  54000000	nop
  777  00001890          	.endproc _lock_create
  779  00001890          	.proc _lock_acquire
  780  00001890          	.global _lock_acquire
  781  00001890          	_lock_acquire:
  782  00001890  44000454	trap	#0x454
  783  00001894  4be00000	jr	r31
  784  00001898  54000000	nop
  785  0000189c          	.endproc _lock_acquire
  787  0000189c          	.proc _lock_release
  788  0000189c          	.global _lock_release
  789  0000189c          	_lock_release:
  790  0000189c  44000455	trap	#0x455
  791  000018a0  4be00000	jr	r31
  792  000018a4  54000000	nop
  793  000018a8          	.endproc _lock_release
  795  000018a8          	.proc _cond_create
  796  000018a8          	.global _cond_create
  797  000018a8          	_cond_create:
  798  000018a8  44000456	trap	#0x456
  799  000018ac  4be00000	jr	r31
  800  000018b0  54000000	nop
  801  000018b4          	.endproc _cond_create
  803  000018b4          	.proc _cond_wait
  804  000018b4          	.global _cond_wait
  805  000018b4          	_cond_wait:
  806  000018b4  44000457	trap	#0x457
  807  000018b8  4be00000	jr	r31
  808  000018bc  54000000	nop
  809  000018c0          	.endproc _cond_wait
  811  000018c0          	.proc _cond_signal
  812  000018c0          	.global _cond_signal
  813  000018c0          	_cond_signal:
  814  000018c0  44000458	trap	#0x458
  815  000018c4  4be00000	jr	r31
  816  000018c8  54000000	nop
  817  000018cc          	.endproc _cond_signal
  819  000018cc          	.proc _cond_broadcast
  820  000018cc          	.global _cond_broadcast
  821  000018cc          	_cond_broadcast:
  822  000018cc  44000459	trap	#0x459
  823  000018d0  4be00000	jr	r31
  824  000018d4  54000000	nop
  825  000018d8          	.endproc _cond_broadcast
  827  000018d8          	.proc _mbox_create
  828  000018d8          	.global _mbox_create
  829  000018d8          	_mbox_create:
  830  000018d8  44000460	trap	#0x460
  831  000018dc  4be00000	jr	r31
  832  000018e0  54000000	nop
  833  000018e4          	.endproc _mbox_create
  835  000018e4          	.proc _mbox_open
  836  000018e4          	.global _mbox_open
  837  000018e4          	_mbox_open:
  838  000018e4  44000461	trap	#0x461
  839  000018e8  4be00000	jr	r31
  840  000018ec  54000000	nop
  841  000018f0          	.endproc _mbox_open
  843  000018f0          	.proc _mbox_close
  844  000018f0          	.global _mbox_close
  845  000018f0          	_mbox_close:
  846  000018f0  44000462	trap	#0x462
  847  000018f4  4be00000	jr	r31
  848  000018f8  54000000	nop
  849  000018fc          	.endproc _mbox_close
  851  000018fc          	.proc _mbox_send
  852  000018fc          	.global _mbox_send
  853  000018fc          	_mbox_send:
  854  000018fc  44000463	trap	#0x463
  855  00001900  4be00000	jr	r31
  856  00001904  54000000	nop
  857  00001908          	.endproc _mbox_send
  859  00001908          	.proc _mbox_recv
  860  00001908          	.global _mbox_recv
  861  00001908          	_mbox_recv:
  862  00001908  44000464	trap	#0x464
  863  0000190c  4be00000	jr	r31
  864  00001910  54000000	nop
  865  00001914          	.endproc _mbox_recv
  867  00001914          	.proc _sleep
  868  00001914          	.global _sleep
  869  00001914          	_sleep:
  870  00001914  44000465	trap	#0x465
  871  00001918  4be00000	jr	r31
  872  0000191c  54000000	nop
  873  00001920          	.endproc _sleep
  875  00001920          	.proc _yield
  876  00001920          	.global _yield
  877  00001920          	_yield:
  878  00001920  44000466	trap	#0x466
  879  00001924  4be00000	jr	r31
  880  00001928  54000000	nop
  881  0000192c          	.endproc _yield
  884  0000192c          	.proc _Exit
  885  0000192c          	.global _Exit
  886  0000192c          	_Exit:
  887  0000192c  44000500	trap	#0x500
  888  00001930  4be00000	jr	r31
  889  00001934  54000000	nop
  890  00001938          	.endproc _Exit
  893  00001938          	.proc _malloc
  894  00001938          	.global _malloc
  895  00001938          	_malloc:
  896  00001938  44000467	trap	#0x467
  897  0000193c  4be00000	jr	r31
  898  00001940          	.endproc _malloc
  901  00001940          	.proc _mfree
  902  00001940          	.global _mfree
  903  00001940          	_mfree:
  904  00001940  44000468	trap	#0x468
  905  00001944  4be00000	jr	r31
  906  00001948          	.endproc _mfree
  907                      ; Compiled by GCC
  909  00001948          	.align 2
  910  00001948          	.proc _isspace
  911  00001948          	.global _isspace
  912  00001948          	_isspace:
  913                      ;  Function 'isspace'; 0 bytes of locals, 3 regs to save.
  914  00001948  afbefffc	sw	-4(r29),r30; push fp
  915  0000194c  001df020	add	r30,r0,r29; fp = sp
  916  00001950  afbffff8	sw	-8(r29),r31; push ret addr
  917  00001954  2fbd0018	subui	r29,r29,#24; alloc local storage
  918  00001958  afa20000	sw	0(r29),r2
  919  0000195c  afa30004	sw	4(r29),r3
  920  00001960  afa40008	sw	8(r29),r4
  921  00001964  83c20003	lb	r2,3(r30)
  922  00001968  20010000	addi	r1,r0,#0
  923  0000196c  304300ff	andi	r3,r2,#0x00ff
  924  00001970  60640020	seqi	r4,r3,#32
  925  00001974  1480002c	bnez	r4,L3_LF2
  926  00001978  54000000	nop; delay slot nop
  927  0000197c  304300ff	andi	r3,r2,#0x00ff
  928  00001980  60640009	seqi	r4,r3,#9
  929  00001984  1480001c	bnez	r4,L3_LF2
  930  00001988  54000000	nop; delay slot nop
  931  0000198c  304300ff	andi	r3,r2,#0x00ff
  932  00001990  6064000a	seqi	r4,r3,#10
  933  00001994  1480000c	bnez	r4,L3_LF2
  934  00001998  54000000	nop; delay slot nop
  935  0000199c  08000008	j	L2_LF2
  936  000019a0  54000000	nop; delay slot nop
  937  000019a4          	L3_LF2:
  938  000019a4  20010001	addi	r1,r0,#1
  939  000019a8          	L2_LF2:
  940  000019a8  08000004	j	L1_LF2
  941  000019ac  54000000	nop; delay slot nop
  942  000019b0          	L1_LF2:
  943  000019b0  8fa20000	lw	r2,0(r29)
  944  000019b4  8fa30004	lw	r3,4(r29)
  945  000019b8  8fa40008	lw	r4,8(r29)
  946  000019bc  8fdffff8	lw	r31,-8(r30)
  947  000019c0  001ee820	add	r29,r0,r30
  948  000019c4  8fdefffc	lw	r30,-4(r30)
  949  000019c8  4be00000	jr	r31
  950  000019cc  54000000	nop
  951  000019d0          	.endproc _isspace
  952  000019d0          	.align 2
  953  000019d0          	.proc _isxdigit
  954  000019d0          	.global _isxdigit
  955  000019d0          	_isxdigit:
  956                      ;  Function 'isxdigit'; 0 bytes of locals, 3 regs to save.
  957  000019d0  afbefffc	sw	-4(r29),r30; push fp
  958  000019d4  001df020	add	r30,r0,r29; fp = sp
  959  000019d8  afbffff8	sw	-8(r29),r31; push ret addr
  960  000019dc  2fbd0018	subui	r29,r29,#24; alloc local storage
  961  000019e0  afa20000	sw	0(r29),r2
  962  000019e4  afa30004	sw	4(r29),r3
  963  000019e8  afa40008	sw	8(r29),r4
  964  000019ec  83c20003	lb	r2,3(r30)
  965  000019f0  20010000	addi	r1,r0,#0
  966  000019f4  304300ff	andi	r3,r2,#0x00ff
  967  000019f8  6c64002f	sgtui	r4,r3,#47
  968  000019fc  1080001c	beqz	r4,L7_LF2
  969  00001a00  54000000	nop; delay slot nop
  970  00001a04  304300ff	andi	r3,r2,#0x00ff
  971  00001a08  70640039	sleui	r4,r3,#57
  972  00001a0c  1480005c	bnez	r4,L6_LF2
  973  00001a10  54000000	nop; delay slot nop
  974  00001a14  08000004	j	L7_LF2
  975  00001a18  54000000	nop; delay slot nop
  976  00001a1c          	L7_LF2:
  977  00001a1c  304300ff	andi	r3,r2,#0x00ff
  978  00001a20  6c640060	sgtui	r4,r3,#96
  979  00001a24  1080001c	beqz	r4,L8_LF2
  980  00001a28  54000000	nop; delay slot nop
  981  00001a2c  304300ff	andi	r3,r2,#0x00ff
  982  00001a30  70640066	sleui	r4,r3,#102
  983  00001a34  14800034	bnez	r4,L6_LF2
  984  00001a38  54000000	nop; delay slot nop
  985  00001a3c  08000004	j	L8_LF2
  986  00001a40  54000000	nop; delay slot nop
  987  00001a44          	L8_LF2:
  988  00001a44  304300ff	andi	r3,r2,#0x00ff
  989  00001a48  6c640040	sgtui	r4,r3,#64
  990  00001a4c  10800020	beqz	r4,L5_LF2
  991  00001a50  54000000	nop; delay slot nop
  992  00001a54  304300ff	andi	r3,r2,#0x00ff
  993  00001a58  70640041	sleui	r4,r3,#65
  994  00001a5c  1480000c	bnez	r4,L6_LF2
  995  00001a60  54000000	nop; delay slot nop
  996  00001a64  08000008	j	L5_LF2
  997  00001a68  54000000	nop; delay slot nop
  998  00001a6c          	L6_LF2:
  999  00001a6c  20010001	addi	r1,r0,#1
 1000  00001a70          	L5_LF2:
 1001  00001a70  08000004	j	L4_LF2
 1002  00001a74  54000000	nop; delay slot nop
 1003  00001a78          	L4_LF2:
 1004  00001a78  8fa20000	lw	r2,0(r29)
 1005  00001a7c  8fa30004	lw	r3,4(r29)
 1006  00001a80  8fa40008	lw	r4,8(r29)
 1007  00001a84  8fdffff8	lw	r31,-8(r30)
 1008  00001a88  001ee820	add	r29,r0,r30
 1009  00001a8c  8fdefffc	lw	r30,-4(r30)
 1010  00001a90  4be00000	jr	r31
 1011  00001a94  54000000	nop
 1012  00001a98          	.endproc _isxdigit
 1013  00001a98          	.align 2
 1014  00001a98          	.proc _dstrcpy
 1015  00001a98          	.global _dstrcpy
 1016  00001a98          	_dstrcpy:
 1017                      ;  Function 'dstrcpy'; 8 bytes of locals, 2 regs to save.
 1018  00001a98  afbefffc	sw	-4(r29),r30; push fp
 1019  00001a9c  001df020	add	r30,r0,r29; fp = sp
 1020  00001aa0  afbffff8	sw	-8(r29),r31; push ret addr
 1021  00001aa4  2fbd0018	subui	r29,r29,#24; alloc local storage
 1022  00001aa8  afa20000	sw	0(r29),r2
 1023  00001aac  afa30004	sw	4(r29),r3
 1024  00001ab0  8fc10000	lw	r1,(r30)
 1025  00001ab4  afc1fff4	sw	-12(r30),r1
 1026  00001ab8          	L10_LF2:
 1027  00001ab8  8fc10000	lw	r1,(r30)
 1028  00001abc  20220001	addi	r2,r1,#1
 1029  00001ac0  afc20000	sw	(r30),r2
 1030  00001ac4  8fc20004	lw	r2,4(r30)
 1031  00001ac8  20430001	addi	r3,r2,#1
 1032  00001acc  afc30004	sw	4(r30),r3
 1033  00001ad0  80420000	lb	r2,(r2)
 1034  00001ad4  a0220000	sb	(r1),r2
 1035  00001ad8  a3c2fff3	sb	-13(r30),r2
 1036  00001adc          	L12_LF2:
 1037  00001adc  93c1fff3	lbu	r1,-13(r30)
 1038  00001ae0  64220000	snei	r2,r1,#0
 1039  00001ae4  1440000c	bnez	r2,L13_LF2
 1040  00001ae8  54000000	nop; delay slot nop
 1041  00001aec  0800000c	j	L11_LF2
 1042  00001af0  54000000	nop; delay slot nop
 1043  00001af4          	L13_LF2:
 1044  00001af4  0bffffc0	j	L10_LF2
 1045  00001af8  54000000	nop; delay slot nop
 1046  00001afc          	L11_LF2:
 1047  00001afc  8fc1fff4	lw	r1,-12(r30)
 1048  00001b00  08000004	j	L9_LF2
 1049  00001b04  54000000	nop; delay slot nop
 1050  00001b08          	L9_LF2:
 1051  00001b08  8fa20000	lw	r2,0(r29)
 1052  00001b0c  8fa30004	lw	r3,4(r29)
 1053  00001b10  8fdffff8	lw	r31,-8(r30)
 1054  00001b14  001ee820	add	r29,r0,r30
 1055  00001b18  8fdefffc	lw	r30,-4(r30)
 1056  00001b1c  4be00000	jr	r31
 1057  00001b20  54000000	nop
 1058  00001b24          	.endproc _dstrcpy
 1059  00001b24          	.align 2
 1060  00001b24          	.proc _dstrncpy
 1061  00001b24          	.global _dstrncpy
 1062  00001b24          	_dstrncpy:
 1063                      ;  Function 'dstrncpy'; 8 bytes of locals, 2 regs to save.
 1064  00001b24  afbefffc	sw	-4(r29),r30; push fp
 1065  00001b28  001df020	add	r30,r0,r29; fp = sp
 1066  00001b2c  afbffff8	sw	-8(r29),r31; push ret addr
 1067  00001b30  2fbd0018	subui	r29,r29,#24; alloc local storage
 1068  00001b34  afa20000	sw	0(r29),r2
 1069  00001b38  afa30004	sw	4(r29),r3
 1070  00001b3c  8fc10000	lw	r1,(r30)
 1071  00001b40  afc1fff4	sw	-12(r30),r1
 1072  00001b44          	L15_LF2:
 1073  00001b44  8fc10008	lw	r1,8(r30)
 1074  00001b48  2022ffff	addi	r2,r1,#-1
 1075  00001b4c  afc20008	sw	8(r30),r2
 1076  00001b50  70210000	slei	r1,r1,#0
 1077  00001b54  1020000c	beqz	r1,L18_LF2
 1078  00001b58  54000000	nop; delay slot nop
 1079  00001b5c  08000048	j	L16_LF2
 1080  00001b60  54000000	nop; delay slot nop
 1081  00001b64          	L18_LF2:
 1082  00001b64  8fc10000	lw	r1,(r30)
 1083  00001b68  20220001	addi	r2,r1,#1
 1084  00001b6c  afc20000	sw	(r30),r2
 1085  00001b70  8fc20004	lw	r2,4(r30)
 1086  00001b74  20430001	addi	r3,r2,#1
 1087  00001b78  afc30004	sw	4(r30),r3
 1088  00001b7c  80420000	lb	r2,(r2)
 1089  00001b80  a0220000	sb	(r1),r2
 1090  00001b84  a3c2fff3	sb	-13(r30),r2
 1091  00001b88          	L17_LF2:
 1092  00001b88  93c1fff3	lbu	r1,-13(r30)
 1093  00001b8c  64220000	snei	r2,r1,#0
 1094  00001b90  1440000c	bnez	r2,L19_LF2
 1095  00001b94  54000000	nop; delay slot nop
 1096  00001b98  0800000c	j	L16_LF2
 1097  00001b9c  54000000	nop; delay slot nop
 1098  00001ba0          	L19_LF2:
 1099  00001ba0  0bffffa0	j	L15_LF2
 1100  00001ba4  54000000	nop; delay slot nop
 1101  00001ba8          	L16_LF2:
 1102  00001ba8  8fc1fff4	lw	r1,-12(r30)
 1103  00001bac  08000004	j	L14_LF2
 1104  00001bb0  54000000	nop; delay slot nop
 1105  00001bb4          	L14_LF2:
 1106  00001bb4  8fa20000	lw	r2,0(r29)
 1107  00001bb8  8fa30004	lw	r3,4(r29)
 1108  00001bbc  8fdffff8	lw	r31,-8(r30)
 1109  00001bc0  001ee820	add	r29,r0,r30
 1110  00001bc4  8fdefffc	lw	r30,-4(r30)
 1111  00001bc8  4be00000	jr	r31
 1112  00001bcc  54000000	nop
 1113  00001bd0          	.endproc _dstrncpy
 1114  00001bd0          	.align 2
 1115  00001bd0          	.proc _dstrcat
 1116  00001bd0          	.global _dstrcat
 1117  00001bd0          	_dstrcat:
 1118                      ;  Function 'dstrcat'; 8 bytes of locals, 1 regs to save.
 1119  00001bd0  afbefffc	sw	-4(r29),r30; push fp
 1120  00001bd4  001df020	add	r30,r0,r29; fp = sp
 1121  00001bd8  afbffff8	sw	-8(r29),r31; push ret addr
 1122  00001bdc  2fbd0018	subui	r29,r29,#24; alloc local storage
 1123  00001be0  afa20000	sw	0(r29),r2
 1124  00001be4  8fc10000	lw	r1,(r30)
 1125  00001be8  afc1fff4	sw	-12(r30),r1
 1126  00001bec          	L21_LF2:
 1127  00001bec  8fc10000	lw	r1,(r30)
 1128  00001bf0  90220000	lbu	r2,(r1)
 1129  00001bf4  64410000	snei	r1,r2,#0
 1130  00001bf8  1420000c	bnez	r1,L23_LF2
 1131  00001bfc  54000000	nop; delay slot nop
 1132  00001c00  0800001c	j	L22_LF2
 1133  00001c04  54000000	nop; delay slot nop
 1134  00001c08          	L23_LF2:
 1135  00001c08  8fc20000	lw	r2,(r30)
 1136  00001c0c  20410001	addi	r1,r2,#1
 1137  00001c10  00011020	add	r2,r0,r1
 1138  00001c14  afc20000	sw	(r30),r2
 1139  00001c18  0bffffd0	j	L21_LF2
 1140  00001c1c  54000000	nop; delay slot nop
 1141  00001c20          	L22_LF2:
 1142  00001c20  23bdfff8	addi	r29,r29,#-8
 1143  00001c24  001d0820	add	r1,r0,r29
 1144  00001c28  8fc20000	lw	r2,(r30)
 1145  00001c2c  ac220000	sw	(r1),r2
 1146  00001c30  8fc20004	lw	r2,4(r30)
 1147  00001c34  ac220004	sw	4(r1),r2
 1148  00001c38  0ffffe5c	jal	_dstrcpy
 1149  00001c3c  54000000	nop; delay slot nop
 1150  00001c40  23bd0008	addi	r29,r29,#8
 1151  00001c44  8fc1fff4	lw	r1,-12(r30)
 1152  00001c48  08000004	j	L20_LF2
 1153  00001c4c  54000000	nop; delay slot nop
 1154  00001c50          	L20_LF2:
 1155  00001c50  8fa20000	lw	r2,0(r29)
 1156  00001c54  8fdffff8	lw	r31,-8(r30)
 1157  00001c58  001ee820	add	r29,r0,r30
 1158  00001c5c  8fdefffc	lw	r30,-4(r30)
 1159  00001c60  4be00000	jr	r31
 1160  00001c64  54000000	nop
 1161  00001c68          	.endproc _dstrcat
 1162  00001c68          	.align 2
 1163  00001c68          	.proc _dstrncmp
 1164  00001c68          	.global _dstrncmp
 1165  00001c68          	_dstrncmp:
 1166                      ;  Function 'dstrncmp'; 8 bytes of locals, 2 regs to save.
 1167  00001c68  afbefffc	sw	-4(r29),r30; push fp
 1168  00001c6c  001df020	add	r30,r0,r29; fp = sp
 1169  00001c70  afbffff8	sw	-8(r29),r31; push ret addr
 1170  00001c74  2fbd0018	subui	r29,r29,#24; alloc local storage
 1171  00001c78  afa20000	sw	0(r29),r2
 1172  00001c7c  afa30004	sw	4(r29),r3
 1173  00001c80  54000000	nop
 1174  00001c84  20010000	addi	r1,r0,#0
 1175  00001c88  afc1fff4	sw	-12(r30),r1
 1176  00001c8c          	L25_LF2:
 1177  00001c8c  8fc1fff4	lw	r1,-12(r30)
 1178  00001c90  8fc20008	lw	r2,8(r30)
 1179  00001c94  0022082a	slt	r1,r1,r2
 1180  00001c98  1420000c	bnez	r1,L28_LF2
 1181  00001c9c  54000000	nop; delay slot nop
 1182  00001ca0  08000088	j	L26_LF2
 1183  00001ca4  54000000	nop; delay slot nop
 1184  00001ca8          	L28_LF2:
 1185  00001ca8  8fc10004	lw	r1,4(r30)
 1186  00001cac  90220000	lbu	r2,(r1)
 1187  00001cb0  64410000	snei	r1,r2,#0
 1188  00001cb4  14200018	bnez	r1,L29_LF2
 1189  00001cb8  54000000	nop; delay slot nop
 1190  00001cbc  20010000	addi	r1,r0,#0
 1191  00001cc0  080000d8	j	L24_LF2
 1192  00001cc4  54000000	nop; delay slot nop
 1193  00001cc8  08000028	j	L30_LF2
 1194  00001ccc  54000000	nop; delay slot nop
 1195  00001cd0          	L29_LF2:
 1196  00001cd0  8fc10000	lw	r1,(r30)
 1197  00001cd4  8fc20004	lw	r2,4(r30)
 1198  00001cd8  90210000	lbu	r1,(r1)
 1199  00001cdc  90420000	lbu	r2,(r2)
 1200  00001ce0  00220829	sne	r1,r1,r2
 1201  00001ce4  1020000c	beqz	r1,L30_LF2
 1202  00001ce8  54000000	nop; delay slot nop
 1203  00001cec  0800003c	j	L26_LF2
 1204  00001cf0  54000000	nop; delay slot nop
 1205  00001cf4          	L31_LF2:
 1206  00001cf4          	L30_LF2:
 1207  00001cf4  8fc20000	lw	r2,(r30)
 1208  00001cf8  20410001	addi	r1,r2,#1
 1209  00001cfc  00011020	add	r2,r0,r1
 1210  00001d00  afc20000	sw	(r30),r2
 1211  00001d04  8fc20004	lw	r2,4(r30)
 1212  00001d08  20410001	addi	r1,r2,#1
 1213  00001d0c  00011020	add	r2,r0,r1
 1214  00001d10  afc20004	sw	4(r30),r2
 1215  00001d14          	L27_LF2:
 1216  00001d14  8fc2fff4	lw	r2,-12(r30)
 1217  00001d18  20410001	addi	r1,r2,#1
 1218  00001d1c  00011020	add	r2,r0,r1
 1219  00001d20  afc2fff4	sw	-12(r30),r2
 1220  00001d24  0bffff64	j	L25_LF2
 1221  00001d28  54000000	nop; delay slot nop
 1222  00001d2c          	L26_LF2:
 1223  00001d2c  8fc1fff4	lw	r1,-12(r30)
 1224  00001d30  8fc20008	lw	r2,8(r30)
 1225  00001d34  00220828	seq	r1,r1,r2
 1226  00001d38  10200018	beqz	r1,L32_LF2
 1227  00001d3c  54000000	nop; delay slot nop
 1228  00001d40  20010000	addi	r1,r0,#0
 1229  00001d44  08000054	j	L24_LF2
 1230  00001d48  54000000	nop; delay slot nop
 1231  00001d4c  0800004c	j	L33_LF2
 1232  00001d50  54000000	nop; delay slot nop
 1233  00001d54          	L32_LF2:
 1234  00001d54  8fc20000	lw	r2,(r30)
 1235  00001d58  90410000	lbu	r1,(r2)
 1236  00001d5c  8fc20004	lw	r2,4(r30)
 1237  00001d60  90430000	lbu	r3,(r2)
 1238  00001d64  00230822	sub	r1,r1,r3
 1239  00001d68  74220000	sgei	r2,r1,#0
 1240  00001d6c  10400020	beqz	r2,L34_LF2
 1241  00001d70  54000000	nop; delay slot nop
 1242  00001d74  8fc10000	lw	r1,(r30)
 1243  00001d78  8fc20004	lw	r2,4(r30)
 1244  00001d7c  90210000	lbu	r1,(r1)
 1245  00001d80  90420000	lbu	r2,(r2)
 1246  00001d84  00220829	sne	r1,r1,r2
 1247  00001d88  08000008	j	L35_LF2
 1248  00001d8c  54000000	nop; delay slot nop
 1249  00001d90          	L34_LF2:
 1250  00001d90  2001ffff	addi	r1,r0,#-1
 1251  00001d94          	L35_LF2:
 1252  00001d94  08000004	j	L24_LF2
 1253  00001d98  54000000	nop; delay slot nop
 1254  00001d9c          	L33_LF2:
 1255  00001d9c          	L24_LF2:
 1256  00001d9c  8fa20000	lw	r2,0(r29)
 1257  00001da0  8fa30004	lw	r3,4(r29)
 1258  00001da4  8fdffff8	lw	r31,-8(r30)
 1259  00001da8  001ee820	add	r29,r0,r30
 1260  00001dac  8fdefffc	lw	r30,-4(r30)
 1261  00001db0  4be00000	jr	r31
 1262  00001db4  54000000	nop
 1263  00001db8          	.endproc _dstrncmp
 1264  00001db8          	.align 2
 1265  00001db8          	.proc _dstrlen
 1266  00001db8          	.global _dstrlen
 1267  00001db8          	_dstrlen:
 1268                      ;  Function 'dstrlen'; 8 bytes of locals, 1 regs to save.
 1269  00001db8  afbefffc	sw	-4(r29),r30; push fp
 1270  00001dbc  001df020	add	r30,r0,r29; fp = sp
 1271  00001dc0  afbffff8	sw	-8(r29),r31; push ret addr
 1272  00001dc4  2fbd0018	subui	r29,r29,#24; alloc local storage
 1273  00001dc8  afa20000	sw	0(r29),r2
 1274  00001dcc  20010000	addi	r1,r0,#0
 1275  00001dd0  afc1fff4	sw	-12(r30),r1
 1276  00001dd4          	L37_LF2:
 1277  00001dd4  8fc10000	lw	r1,(r30)
 1278  00001dd8  20220001	addi	r2,r1,#1
 1279  00001ddc  afc20000	sw	(r30),r2
 1280  00001de0  90210000	lbu	r1,(r1)
 1281  00001de4  64220000	snei	r2,r1,#0
 1282  00001de8  1440000c	bnez	r2,L39_LF2
 1283  00001dec  54000000	nop; delay slot nop
 1284  00001df0  0800001c	j	L38_LF2
 1285  00001df4  54000000	nop; delay slot nop
 1286  00001df8          	L39_LF2:
 1287  00001df8  8fc2fff4	lw	r2,-12(r30)
 1288  00001dfc  20410001	addi	r1,r2,#1
 1289  00001e00  00011020	add	r2,r0,r1
 1290  00001e04  afc2fff4	sw	-12(r30),r2
 1291  00001e08  0bffffc8	j	L37_LF2
 1292  00001e0c  54000000	nop; delay slot nop
 1293  00001e10          	L38_LF2:
 1294  00001e10  8fc1fff4	lw	r1,-12(r30)
 1295  00001e14  08000004	j	L36_LF2
 1296  00001e18  54000000	nop; delay slot nop
 1297  00001e1c          	L36_LF2:
 1298  00001e1c  8fa20000	lw	r2,0(r29)
 1299  00001e20  8fdffff8	lw	r31,-8(r30)
 1300  00001e24  001ee820	add	r29,r0,r30
 1301  00001e28  8fdefffc	lw	r30,-4(r30)
 1302  00001e2c  4be00000	jr	r31
 1303  00001e30  54000000	nop
 1304  00001e34          	.endproc _dstrlen
 1305  00001e34          	.align 2
 1306  00001e34          	.proc _dstrstr
 1307  00001e34          	.global _dstrstr
 1308  00001e34          	_dstrstr:
 1309                      ;  Function 'dstrstr'; 8 bytes of locals, 1 regs to save.
 1310  00001e34  afbefffc	sw	-4(r29),r30; push fp
 1311  00001e38  001df020	add	r30,r0,r29; fp = sp
 1312  00001e3c  afbffff8	sw	-8(r29),r31; push ret addr
 1313  00001e40  2fbd0018	subui	r29,r29,#24; alloc local storage
 1314  00001e44  afa20000	sw	0(r29),r2
 1315  00001e48  23bdfff8	addi	r29,r29,#-8
 1316  00001e4c  001d0820	add	r1,r0,r29
 1317  00001e50  8fc20004	lw	r2,4(r30)
 1318  00001e54  ac220000	sw	(r1),r2
 1319  00001e58  0fffff5c	jal	_dstrlen
 1320  00001e5c  54000000	nop; delay slot nop
 1321  00001e60  23bd0008	addi	r29,r29,#8
 1322  00001e64  afc1fff4	sw	-12(r30),r1
 1323  00001e68          	L41_LF2:
 1324  00001e68  8fc10000	lw	r1,(r30)
 1325  00001e6c  90220000	lbu	r2,(r1)
 1326  00001e70  64410000	snei	r1,r2,#0
 1327  00001e74  1420000c	bnez	r1,L43_LF2
 1328  00001e78  54000000	nop; delay slot nop
 1329  00001e7c  08000060	j	L42_LF2
 1330  00001e80  54000000	nop; delay slot nop
 1331  00001e84          	L43_LF2:
 1332  00001e84  23bdfff0	addi	r29,r29,#-16
 1333  00001e88  001d0820	add	r1,r0,r29
 1334  00001e8c  8fc20000	lw	r2,(r30)
 1335  00001e90  ac220000	sw	(r1),r2
 1336  00001e94  8fc20004	lw	r2,4(r30)
 1337  00001e98  ac220004	sw	4(r1),r2
 1338  00001e9c  8fc2fff4	lw	r2,-12(r30)
 1339  00001ea0  ac220008	sw	8(r1),r2
 1340  00001ea4  0ffffdc0	jal	_dstrncmp
 1341  00001ea8  54000000	nop; delay slot nop
 1342  00001eac  23bd0010	addi	r29,r29,#16
 1343  00001eb0  64220000	snei	r2,r1,#0
 1344  00001eb4  14400010	bnez	r2,L44_LF2
 1345  00001eb8  54000000	nop; delay slot nop
 1346  00001ebc  8fc10000	lw	r1,(r30)
 1347  00001ec0  08000028	j	L40_LF2
 1348  00001ec4  54000000	nop; delay slot nop
 1349  00001ec8          	L44_LF2:
 1350  00001ec8  8fc20000	lw	r2,(r30)
 1351  00001ecc  20410001	addi	r1,r2,#1
 1352  00001ed0  00011020	add	r2,r0,r1
 1353  00001ed4  afc20000	sw	(r30),r2
 1354  00001ed8  0bffff8c	j	L41_LF2
 1355  00001edc  54000000	nop; delay slot nop
 1356  00001ee0          	L42_LF2:
 1357  00001ee0  20010000	addi	r1,r0,#0
 1358  00001ee4  08000004	j	L40_LF2
 1359  00001ee8  54000000	nop; delay slot nop
 1360  00001eec          	L40_LF2:
 1361  00001eec  8fa20000	lw	r2,0(r29)
 1362  00001ef0  8fdffff8	lw	r31,-8(r30)
 1363  00001ef4  001ee820	add	r29,r0,r30
 1364  00001ef8  8fdefffc	lw	r30,-4(r30)
 1365  00001efc  4be00000	jr	r31
 1366  00001f00  54000000	nop
 1367  00001f04          	.endproc _dstrstr
 1368  00001f04          	.align 2
 1369  00001f04          	.proc _dmindex
 1370  00001f04          	.global _dmindex
 1371  00001f04          	_dmindex:
 1372                      ;  Function 'dmindex'; 8 bytes of locals, 1 regs to save.
 1373  00001f04  afbefffc	sw	-4(r29),r30; push fp
 1374  00001f08  001df020	add	r30,r0,r29; fp = sp
 1375  00001f0c  afbffff8	sw	-8(r29),r31; push ret addr
 1376  00001f10  2fbd0018	subui	r29,r29,#24; alloc local storage
 1377  00001f14  afa20000	sw	0(r29),r2
 1378  00001f18  54000000	nop
 1379  00001f1c          	L46_LF2:
 1380  00001f1c  8fc10000	lw	r1,(r30)
 1381  00001f20  90220000	lbu	r2,(r1)
 1382  00001f24  64410000	snei	r1,r2,#0
 1383  00001f28  1420000c	bnez	r1,L48_LF2
 1384  00001f2c  54000000	nop; delay slot nop
 1385  00001f30  08000070	j	L47_LF2
 1386  00001f34  54000000	nop; delay slot nop
 1387  00001f38          	L48_LF2:
 1388  00001f38  8fc10004	lw	r1,4(r30)
 1389  00001f3c  afc1fff4	sw	-12(r30),r1
 1390  00001f40          	L49_LF2:
 1391  00001f40  8fc1fff4	lw	r1,-12(r30)
 1392  00001f44  90220000	lbu	r2,(r1)
 1393  00001f48  64410000	snei	r1,r2,#0
 1394  00001f4c  1420000c	bnez	r1,L52_LF2
 1395  00001f50  54000000	nop; delay slot nop
 1396  00001f54  08000044	j	L50_LF2
 1397  00001f58  54000000	nop; delay slot nop
 1398  00001f5c          	L52_LF2:
 1399  00001f5c  8fc10000	lw	r1,(r30)
 1400  00001f60  8fc2fff4	lw	r2,-12(r30)
 1401  00001f64  90210000	lbu	r1,(r1)
 1402  00001f68  90420000	lbu	r2,(r2)
 1403  00001f6c  00220828	seq	r1,r1,r2
 1404  00001f70  10200010	beqz	r1,L51_LF2
 1405  00001f74  54000000	nop; delay slot nop
 1406  00001f78  8fc10000	lw	r1,(r30)
 1407  00001f7c  08000030	j	L45_LF2
 1408  00001f80  54000000	nop; delay slot nop
 1409  00001f84          	L53_LF2:
 1410  00001f84          	L51_LF2:
 1411  00001f84  8fc2fff4	lw	r2,-12(r30)
 1412  00001f88  20410001	addi	r1,r2,#1
 1413  00001f8c  00011020	add	r2,r0,r1
 1414  00001f90  afc2fff4	sw	-12(r30),r2
 1415  00001f94  0bffffa8	j	L49_LF2
 1416  00001f98  54000000	nop; delay slot nop
 1417  00001f9c          	L50_LF2:
 1418  00001f9c  0bffff7c	j	L46_LF2
 1419  00001fa0  54000000	nop; delay slot nop
 1420  00001fa4          	L47_LF2:
 1421  00001fa4  20010000	addi	r1,r0,#0
 1422  00001fa8  08000004	j	L45_LF2
 1423  00001fac  54000000	nop; delay slot nop
 1424  00001fb0          	L45_LF2:
 1425  00001fb0  8fa20000	lw	r2,0(r29)
 1426  00001fb4  8fdffff8	lw	r31,-8(r30)
 1427  00001fb8  001ee820	add	r29,r0,r30
 1428  00001fbc  8fdefffc	lw	r30,-4(r30)
 1429  00001fc0  4be00000	jr	r31
 1430  00001fc4  54000000	nop
 1431  00001fc8          	.endproc _dmindex
 1432  00001fc8          	.align 2
 1433  00001fc8          	.proc _dindex
 1434  00001fc8          	.global _dindex
 1435  00001fc8          	_dindex:
 1436                      ;  Function 'dindex'; 0 bytes of locals, 1 regs to save.
 1437  00001fc8  afbefffc	sw	-4(r29),r30; push fp
 1438  00001fcc  001df020	add	r30,r0,r29; fp = sp
 1439  00001fd0  afbffff8	sw	-8(r29),r31; push ret addr
 1440  00001fd4  2fbd0010	subui	r29,r29,#16; alloc local storage
 1441  00001fd8  afa20000	sw	0(r29),r2
 1442  00001fdc  54000000	nop
 1443  00001fe0          	L55_LF2:
 1444  00001fe0  8fc10000	lw	r1,(r30)
 1445  00001fe4  90220000	lbu	r2,(r1)
 1446  00001fe8  64410000	snei	r1,r2,#0
 1447  00001fec  1420000c	bnez	r1,L57_LF2
 1448  00001ff0  54000000	nop; delay slot nop
 1449  00001ff4  08000040	j	L56_LF2
 1450  00001ff8  54000000	nop; delay slot nop
 1451  00001ffc          	L57_LF2:
 1452  00001ffc  8fc10000	lw	r1,(r30)
 1453  00002000  90220000	lbu	r2,(r1)
 1454  00002004  8fc10004	lw	r1,4(r30)
 1455  00002008  00411028	seq	r2,r2,r1
 1456  0000200c  10400010	beqz	r2,L58_LF2
 1457  00002010  54000000	nop; delay slot nop
 1458  00002014  8fc10000	lw	r1,(r30)
 1459  00002018  08000028	j	L54_LF2
 1460  0000201c  54000000	nop; delay slot nop
 1461  00002020          	L58_LF2:
 1462  00002020  8fc20000	lw	r2,(r30)
 1463  00002024  20410001	addi	r1,r2,#1
 1464  00002028  00011020	add	r2,r0,r1
 1465  0000202c  afc20000	sw	(r30),r2
 1466  00002030  0bffffac	j	L55_LF2
 1467  00002034  54000000	nop; delay slot nop
 1468  00002038          	L56_LF2:
 1469  00002038  20010000	addi	r1,r0,#0
 1470  0000203c  08000004	j	L54_LF2
 1471  00002040  54000000	nop; delay slot nop
 1472  00002044          	L54_LF2:
 1473  00002044  8fa20000	lw	r2,0(r29)
 1474  00002048  8fdffff8	lw	r31,-8(r30)
 1475  0000204c  001ee820	add	r29,r0,r30
 1476  00002050  8fdefffc	lw	r30,-4(r30)
 1477  00002054  4be00000	jr	r31
 1478  00002058  54000000	nop
 1479  0000205c          	.endproc _dindex
 1480  0000205c          	.align 2
 1481  0000205c          	.proc _ditoa
 1482  0000205c          	.global _ditoa
 1483  0000205c          	_ditoa:
 1484                      ;  Function 'ditoa'; 8 bytes of locals, 2 regs to save.
 1485  0000205c  afbefffc	sw	-4(r29),r30; push fp
 1486  00002060  001df020	add	r30,r0,r29; fp = sp
 1487  00002064  afbffff8	sw	-8(r29),r31; push ret addr
 1488  00002068  2fbd0018	subui	r29,r29,#24; alloc local storage
 1489  0000206c  afa20000	sw	0(r29),r2
 1490  00002070  afa30004	sw	4(r29),r3
 1491  00002074  8fc10000	lw	r1,(r30)
 1492  00002078  68220000	slti	r2,r1,#0
 1493  0000207c  1040002c	beqz	r2,L60_LF2
 1494  00002080  54000000	nop; delay slot nop
 1495  00002084  8fc10004	lw	r1,4(r30)
 1496  00002088  20220001	addi	r2,r1,#1
 1497  0000208c  afc20004	sw	4(r30),r2
 1498  00002090  2002002d	addi	r2,r0,(#0x2d)&0xff
 1499  00002094  a0220000	sb	(r1),r2
 1500  00002098  8fc10000	lw	r1,(r30)
 1501  0000209c  00011022	sub	r2,r0,r1
 1502  000020a0  afc20000	sw	(r30),r2
 1503  000020a4  08000118	j	L61_LF2
 1504  000020a8  54000000	nop; delay slot nop
 1505  000020ac          	L60_LF2:
 1506  000020ac  8fc10000	lw	r1,(r30)
 1507  000020b0  64220000	snei	r2,r1,#0
 1508  000020b4  14400020	bnez	r2,L62_LF2
 1509  000020b8  54000000	nop; delay slot nop
 1510  000020bc  8fc10004	lw	r1,4(r30)
 1511  000020c0  20220001	addi	r2,r1,#1
 1512  000020c4  afc20004	sw	4(r30),r2
 1513  000020c8  20020030	addi	r2,r0,(#0x30)&0xff
 1514  000020cc  a0220000	sb	(r1),r2
 1515  000020d0  080000ec	j	L61_LF2
 1516  000020d4  54000000	nop; delay slot nop
 1517  000020d8          	L62_LF2:
 1518  000020d8  20010001	addi	r1,r0,#1
 1519  000020dc  afc1fff4	sw	-12(r30),r1
 1520  000020e0          	L64_LF2:
 1521  000020e0  8fc1fff4	lw	r1,-12(r30)
 1522  000020e4  8fc20000	lw	r2,(r30)
 1523  000020e8  0022082c	sle	r1,r1,r2
 1524  000020ec  1420000c	bnez	r1,L66_LF2
 1525  000020f0  54000000	nop; delay slot nop
 1526  000020f4  08000024	j	L65_LF2
 1527  000020f8  54000000	nop; delay slot nop
 1528  000020fc          	L67_LF2:
 1529  000020fc          	L66_LF2:
 1530  000020fc  8fc1fff4	lw	r1,-12(r30)
 1531  00002100  00011820	add	r3,r0,r1
 1532  00002104  50620002	slli	r2,r3,#0x2
 1533  00002108  00411020	add	r2,r2,r1
 1534  0000210c  50410001	slli	r1,r2,#0x1
 1535  00002110  afc1fff4	sw	-12(r30),r1
 1536  00002114  0bffffc8	j	L64_LF2
 1537  00002118  54000000	nop; delay slot nop
 1538  0000211c          	L65_LF2:
 1539  0000211c  54000000	nop
 1540  00002120          	L68_LF2:
 1541  00002120  8fc1fff4	lw	r1,-12(r30)
 1542  00002124  2002000a	addi	r2,r0,#10
 1543  00002128  00200035	movi2fp	f0,r1
 1544  0000212c  00400835	movi2fp	f1,r2
 1545  00002130  0401000f	div	f0,f0,f1
 1546  00002134  00000834	movfp2i	r1,f0
 1547  00002138  afc1fff4	sw	-12(r30),r1
 1548  0000213c  8fc10004	lw	r1,4(r30)
 1549  00002140  20220001	addi	r2,r1,#1
 1550  00002144  afc20004	sw	4(r30),r2
 1551  00002148  8fc20000	lw	r2,(r30)
 1552  0000214c  8fc3fff4	lw	r3,-12(r30)
 1553  00002150  00400035	movi2fp	f0,r2
 1554  00002154  00600835	movi2fp	f1,r3
 1555  00002158  0401000f	div	f0,f0,f1
 1556  0000215c  00001034	movfp2i	r2,f0
 1557  00002160  00021820	add	r3,r0,r2
 1558  00002164  20620030	addi	r2,r3,#48
 1559  00002168  a0220000	sb	(r1),r2
 1560  0000216c  8fc10000	lw	r1,(r30)
 1561  00002170  8fc3fff4	lw	r3,-12(r30)
 1562  00002174  00200035	movi2fp	f0,r1
 1563  00002178  00600835	movi2fp	f1,r3
 1564  0000217c  0401000f	div	f0,f0,f1
 1565  00002180  00001034	movfp2i	r2,f0
 1566  00002184  8fc3fff4	lw	r3,-12(r30)
 1567  00002188  00400035	movi2fp	f0,r2
 1568  0000218c  00600835	movi2fp	f1,r3
 1569  00002190  0401000e	mult	f0,f0,f1
 1570  00002194  00001034	movfp2i	r2,f0
 1571  00002198  00220822	sub	r1,r1,r2
 1572  0000219c  afc10000	sw	(r30),r1
 1573  000021a0          	L70_LF2:
 1574  000021a0  8fc1fff4	lw	r1,-12(r30)
 1575  000021a4  6c220001	sgti	r2,r1,#1
 1576  000021a8  1440000c	bnez	r2,L71_LF2
 1577  000021ac  54000000	nop; delay slot nop
 1578  000021b0  0800000c	j	L61_LF2
 1579  000021b4  54000000	nop; delay slot nop
 1580  000021b8          	L71_LF2:
 1581  000021b8  0bffff64	j	L68_LF2
 1582  000021bc  54000000	nop; delay slot nop
 1583  000021c0          	L69_LF2:
 1584  000021c0          	L63_LF2:
 1585  000021c0          	L61_LF2:
 1586  000021c0  8fc10004	lw	r1,4(r30)
 1587  000021c4  20020000	addi	r2,r0,(#0x0)&0xff
 1588  000021c8  a0220000	sb	(r1),r2
 1589  000021cc          	L59_LF2:
 1590  000021cc  8fa20000	lw	r2,0(r29)
 1591  000021d0  8fa30004	lw	r3,4(r29)
 1592  000021d4  8fdffff8	lw	r31,-8(r30)
 1593  000021d8  001ee820	add	r29,r0,r30
 1594  000021dc  8fdefffc	lw	r30,-4(r30)
 1595  000021e0  4be00000	jr	r31
 1596  000021e4  54000000	nop
 1597  000021e8          	.endproc _ditoa
 1598  000021e8          	.align 2
 1599  000021e8          	.proc _dstrtol
 1600  000021e8          	.global _dstrtol
 1601  000021e8          	_dstrtol:
 1602                      ;  Function 'dstrtol'; 16 bytes of locals, 1 regs to save.
 1603  000021e8  afbefffc	sw	-4(r29),r30; push fp
 1604  000021ec  001df020	add	r30,r0,r29; fp = sp
 1605  000021f0  afbffff8	sw	-8(r29),r31; push ret addr
 1606  000021f4  2fbd0020	subui	r29,r29,#32; alloc local storage
 1607  000021f8  afa20000	sw	0(r29),r2
 1608  000021fc  20010000	addi	r1,r0,#0
 1609  00002200  afc1fff4	sw	-12(r30),r1
 1610  00002204          	L73_LF2:
 1611  00002204  8fc10000	lw	r1,(r30)
 1612  00002208  90220000	lbu	r2,(r1)
 1613  0000220c  60410020	seqi	r1,r2,#32
 1614  00002210  14200034	bnez	r1,L75_LF2
 1615  00002214  54000000	nop; delay slot nop
 1616  00002218  8fc10000	lw	r1,(r30)
 1617  0000221c  90220000	lbu	r2,(r1)
 1618  00002220  60410009	seqi	r1,r2,#9
 1619  00002224  14200020	bnez	r1,L75_LF2
 1620  00002228  54000000	nop; delay slot nop
 1621  0000222c  8fc10000	lw	r1,(r30)
 1622  00002230  90220000	lbu	r2,(r1)
 1623  00002234  6041000a	seqi	r1,r2,#10
 1624  00002238  1420000c	bnez	r1,L75_LF2
 1625  0000223c  54000000	nop; delay slot nop
 1626  00002240  0800001c	j	L74_LF2
 1627  00002244  54000000	nop; delay slot nop
 1628  00002248          	L75_LF2:
 1629  00002248  8fc20000	lw	r2,(r30)
 1630  0000224c  20410001	addi	r1,r2,#1
 1631  00002250  00011020	add	r2,r0,r1
 1632  00002254  afc20000	sw	(r30),r2
 1633  00002258  0bffffa8	j	L73_LF2
 1634  0000225c  54000000	nop; delay slot nop
 1635  00002260          	L74_LF2:
 1636  00002260  8fc10004	lw	r1,4(r30)
 1637  00002264  64220000	snei	r2,r1,#0
 1638  00002268  10400010	beqz	r2,L76_LF2
 1639  0000226c  54000000	nop; delay slot nop
 1640  00002270  8fc10004	lw	r1,4(r30)
 1641  00002274  8fc20000	lw	r2,(r30)
 1642  00002278  ac220000	sw	(r1),r2
 1643  0000227c          	L76_LF2:
 1644  0000227c  8fc10000	lw	r1,(r30)
 1645  00002280  90220000	lbu	r2,(r1)
 1646  00002284  64410000	snei	r1,r2,#0
 1647  00002288  14200010	bnez	r1,L77_LF2
 1648  0000228c  54000000	nop; delay slot nop
 1649  00002290  8fc1fff4	lw	r1,-12(r30)
 1650  00002294  08000294	j	L72_LF2
 1651  00002298  54000000	nop; delay slot nop
 1652  0000229c          	L77_LF2:
 1653  0000229c  8fc10000	lw	r1,(r30)
 1654  000022a0  90220000	lbu	r2,(r1)
 1655  000022a4  6041002d	seqi	r1,r2,#45
 1656  000022a8  10200024	beqz	r1,L78_LF2
 1657  000022ac  54000000	nop; delay slot nop
 1658  000022b0  2001ffff	addi	r1,r0,#-1
 1659  000022b4  afc1ffec	sw	-20(r30),r1
 1660  000022b8  8fc20000	lw	r2,(r30)
 1661  000022bc  20410001	addi	r1,r2,#1
 1662  000022c0  00011020	add	r2,r0,r1
 1663  000022c4  afc20000	sw	(r30),r2
 1664  000022c8  0800000c	j	L79_LF2
 1665  000022cc  54000000	nop; delay slot nop
 1666  000022d0          	L78_LF2:
 1667  000022d0  20010001	addi	r1,r0,#1
 1668  000022d4  afc1ffec	sw	-20(r30),r1
 1669  000022d8          	L79_LF2:
 1670  000022d8  8fc10008	lw	r1,8(r30)
 1671  000022dc  64220000	snei	r2,r1,#0
 1672  000022e0  14400090	bnez	r2,L80_LF2
 1673  000022e4  54000000	nop; delay slot nop
 1674  000022e8  8fc10000	lw	r1,(r30)
 1675  000022ec  90220000	lbu	r2,(r1)
 1676  000022f0  60410030	seqi	r1,r2,#48
 1677  000022f4  10200074	beqz	r1,L81_LF2
 1678  000022f8  54000000	nop; delay slot nop
 1679  000022fc  8fc20000	lw	r2,(r30)
 1680  00002300  20410001	addi	r1,r2,#1
 1681  00002304  00011020	add	r2,r0,r1
 1682  00002308  afc20000	sw	(r30),r2
 1683  0000230c  8fc10000	lw	r1,(r30)
 1684  00002310  90220000	lbu	r2,(r1)
 1685  00002314  60410078	seqi	r1,r2,#120
 1686  00002318  14200020	bnez	r1,L83_LF2
 1687  0000231c  54000000	nop; delay slot nop
 1688  00002320  8fc10000	lw	r1,(r30)
 1689  00002324  90220000	lbu	r2,(r1)
 1690  00002328  60410058	seqi	r1,r2,#88
 1691  0000232c  1420000c	bnez	r1,L83_LF2
 1692  00002330  54000000	nop; delay slot nop
 1693  00002334  08000024	j	L82_LF2
 1694  00002338  54000000	nop; delay slot nop
 1695  0000233c          	L83_LF2:
 1696  0000233c  20010010	addi	r1,r0,#16
 1697  00002340  afc10008	sw	8(r30),r1
 1698  00002344  8fc20000	lw	r2,(r30)
 1699  00002348  20410001	addi	r1,r2,#1
 1700  0000234c  00011020	add	r2,r0,r1
 1701  00002350  afc20000	sw	(r30),r2
 1702  00002354  0800000c	j	L84_LF2
 1703  00002358  54000000	nop; delay slot nop
 1704  0000235c          	L82_LF2:
 1705  0000235c  20010008	addi	r1,r0,#8
 1706  00002360  afc10008	sw	8(r30),r1
 1707  00002364          	L84_LF2:
 1708  00002364  0800000c	j	L80_LF2
 1709  00002368  54000000	nop; delay slot nop
 1710  0000236c          	L81_LF2:
 1711  0000236c  2001000a	addi	r1,r0,#10
 1712  00002370  afc10008	sw	8(r30),r1
 1713  00002374          	L85_LF2:
 1714  00002374          	L80_LF2:
 1715  00002374  8fc10008	lw	r1,8(r30)
 1716  00002378  70220000	slei	r2,r1,#0
 1717  0000237c  1440001c	bnez	r2,L87_LF2
 1718  00002380  54000000	nop; delay slot nop
 1719  00002384  8fc10008	lw	r1,8(r30)
 1720  00002388  6c220010	sgti	r2,r1,#16
 1721  0000238c  1440000c	bnez	r2,L87_LF2
 1722  00002390  54000000	nop; delay slot nop
 1723  00002394  08000010	j	L86_LF2
 1724  00002398  54000000	nop; delay slot nop
 1725  0000239c          	L87_LF2:
 1726  0000239c  8fc1fff4	lw	r1,-12(r30)
 1727  000023a0  08000188	j	L72_LF2
 1728  000023a4  54000000	nop; delay slot nop
 1729  000023a8          	L86_LF2:
 1730  000023a8  54000000	nop
 1731  000023ac          	L88_LF2:
 1732  000023ac  8fc10000	lw	r1,(r30)
 1733  000023b0  90220000	lbu	r2,(r1)
 1734  000023b4  6c41002f	sgtui	r1,r2,#47
 1735  000023b8  10200030	beqz	r1,L91_LF2
 1736  000023bc  54000000	nop; delay slot nop
 1737  000023c0  8fc10000	lw	r1,(r30)
 1738  000023c4  90220000	lbu	r2,(r1)
 1739  000023c8  70410039	sleui	r1,r2,#57
 1740  000023cc  1020001c	beqz	r1,L91_LF2
 1741  000023d0  54000000	nop; delay slot nop
 1742  000023d4  8fc10000	lw	r1,(r30)
 1743  000023d8  90220000	lbu	r2,(r1)
 1744  000023dc  2041ffd0	addi	r1,r2,#-48
 1745  000023e0  afc1fff0	sw	-16(r30),r1
 1746  000023e4  0800008c	j	L92_LF2
 1747  000023e8  54000000	nop; delay slot nop
 1748  000023ec          	L91_LF2:
 1749  000023ec  8fc10000	lw	r1,(r30)
 1750  000023f0  90220000	lbu	r2,(r1)
 1751  000023f4  6c410060	sgtui	r1,r2,#96
 1752  000023f8  10200030	beqz	r1,L93_LF2
 1753  000023fc  54000000	nop; delay slot nop
 1754  00002400  8fc10000	lw	r1,(r30)
 1755  00002404  90220000	lbu	r2,(r1)
 1756  00002408  7041007a	sleui	r1,r2,#122
 1757  0000240c  1020001c	beqz	r1,L93_LF2
 1758  00002410  54000000	nop; delay slot nop
 1759  00002414  8fc10000	lw	r1,(r30)
 1760  00002418  90220000	lbu	r2,(r1)
 1761  0000241c  2041ffa9	addi	r1,r2,#-87
 1762  00002420  afc1fff0	sw	-16(r30),r1
 1763  00002424  0800004c	j	L92_LF2
 1764  00002428  54000000	nop; delay slot nop
 1765  0000242c          	L93_LF2:
 1766  0000242c  8fc10000	lw	r1,(r30)
 1767  00002430  90220000	lbu	r2,(r1)
 1768  00002434  6c410040	sgtui	r1,r2,#64
 1769  00002438  10200030	beqz	r1,L95_LF2
 1770  0000243c  54000000	nop; delay slot nop
 1771  00002440  8fc10000	lw	r1,(r30)
 1772  00002444  90220000	lbu	r2,(r1)
 1773  00002448  7041005a	sleui	r1,r2,#90
 1774  0000244c  1020001c	beqz	r1,L95_LF2
 1775  00002450  54000000	nop; delay slot nop
 1776  00002454  8fc10000	lw	r1,(r30)
 1777  00002458  90220000	lbu	r2,(r1)
 1778  0000245c  2041ffc9	addi	r1,r2,#-55
 1779  00002460  afc1fff0	sw	-16(r30),r1
 1780  00002464  0800000c	j	L92_LF2
 1781  00002468  54000000	nop; delay slot nop
 1782  0000246c          	L95_LF2:
 1783  0000246c  200103e8	addi	r1,r0,#1000
 1784  00002470  afc1fff0	sw	-16(r30),r1
 1785  00002474          	L96_LF2:
 1786  00002474          	L94_LF2:
 1787  00002474          	L92_LF2:
 1788  00002474  8fc1fff0	lw	r1,-16(r30)
 1789  00002478  8fc20008	lw	r2,8(r30)
 1790  0000247c  0022082a	slt	r1,r1,r2
 1791  00002480  10200040	beqz	r1,L90_LF2
 1792  00002484  54000000	nop; delay slot nop
 1793  00002488  8fc1fff4	lw	r1,-12(r30)
 1794  0000248c  8fc20008	lw	r2,8(r30)
 1795  00002490  00200035	movi2fp	f0,r1
 1796  00002494  00400835	movi2fp	f1,r2
 1797  00002498  0401000e	mult	f0,f0,f1
 1798  0000249c  00000834	movfp2i	r1,f0
 1799  000024a0  afc1fff4	sw	-12(r30),r1
 1800  000024a4  8fc1fff4	lw	r1,-12(r30)
 1801  000024a8  8fc2fff0	lw	r2,-16(r30)
 1802  000024ac  00220820	add	r1,r1,r2
 1803  000024b0  afc1fff4	sw	-12(r30),r1
 1804  000024b4  8fc20000	lw	r2,(r30)
 1805  000024b8  20410001	addi	r1,r2,#1
 1806  000024bc  00011020	add	r2,r0,r1
 1807  000024c0  afc20000	sw	(r30),r2
 1808  000024c4          	L97_LF2:
 1809  000024c4          	L90_LF2:
 1810  000024c4  8fc1fff0	lw	r1,-16(r30)
 1811  000024c8  8fc20008	lw	r2,8(r30)
 1812  000024cc  0022082a	slt	r1,r1,r2
 1813  000024d0  1420000c	bnez	r1,L98_LF2
 1814  000024d4  54000000	nop; delay slot nop
 1815  000024d8  0800000c	j	L89_LF2
 1816  000024dc  54000000	nop; delay slot nop
 1817  000024e0          	L98_LF2:
 1818  000024e0  0bfffec8	j	L88_LF2
 1819  000024e4  54000000	nop; delay slot nop
 1820  000024e8          	L89_LF2:
 1821  000024e8  8fc10004	lw	r1,4(r30)
 1822  000024ec  64220000	snei	r2,r1,#0
 1823  000024f0  10400010	beqz	r2,L99_LF2
 1824  000024f4  54000000	nop; delay slot nop
 1825  000024f8  8fc10004	lw	r1,4(r30)
 1826  000024fc  8fc20000	lw	r2,(r30)
 1827  00002500  ac220000	sw	(r1),r2
 1828  00002504          	L99_LF2:
 1829  00002504  8fc1fff4	lw	r1,-12(r30)
 1830  00002508  8fc2ffec	lw	r2,-20(r30)
 1831  0000250c  00200035	movi2fp	f0,r1
 1832  00002510  00400835	movi2fp	f1,r2
 1833  00002514  0401000e	mult	f0,f0,f1
 1834  00002518  00000834	movfp2i	r1,f0
 1835  0000251c  afc1fff4	sw	-12(r30),r1
 1836  00002520  8fc1fff4	lw	r1,-12(r30)
 1837  00002524  08000004	j	L72_LF2
 1838  00002528  54000000	nop; delay slot nop
 1839  0000252c          	L72_LF2:
 1840  0000252c  8fa20000	lw	r2,0(r29)
 1841  00002530  8fdffff8	lw	r31,-8(r30)
 1842  00002534  001ee820	add	r29,r0,r30
 1843  00002538  8fdefffc	lw	r30,-4(r30)
 1844  0000253c  4be00000	jr	r31
 1845  00002540  54000000	nop
 1846  00002544          	.endproc _dstrtol
 1847  00002544          	.align 2
 1848  00002544          	.proc _bcopy
 1849  00002544          	.global _bcopy
 1850  00002544          	_bcopy:
 1851                      ;  Function 'bcopy'; 0 bytes of locals, 2 regs to save.
 1852  00002544  afbefffc	sw	-4(r29),r30; push fp
 1853  00002548  001df020	add	r30,r0,r29; fp = sp
 1854  0000254c  afbffff8	sw	-8(r29),r31; push ret addr
 1855  00002550  2fbd0010	subui	r29,r29,#16; alloc local storage
 1856  00002554  afa20000	sw	0(r29),r2
 1857  00002558  afa30004	sw	4(r29),r3
 1858  0000255c  54000000	nop
 1859  00002560          	L101_LF2:
 1860  00002560  8fc10008	lw	r1,8(r30)
 1861  00002564  2022ffff	addi	r2,r1,#-1
 1862  00002568  afc20008	sw	8(r30),r2
 1863  0000256c  6c210000	sgti	r1,r1,#0
 1864  00002570  1420000c	bnez	r1,L103_LF2
 1865  00002574  54000000	nop; delay slot nop
 1866  00002578  0800002c	j	L102_LF2
 1867  0000257c  54000000	nop; delay slot nop
 1868  00002580          	L103_LF2:
 1869  00002580  8fc10004	lw	r1,4(r30)
 1870  00002584  20220001	addi	r2,r1,#1
 1871  00002588  afc20004	sw	4(r30),r2
 1872  0000258c  8fc20000	lw	r2,(r30)
 1873  00002590  20430001	addi	r3,r2,#1
 1874  00002594  afc30000	sw	(r30),r3
 1875  00002598  80420000	lb	r2,(r2)
 1876  0000259c  a0220000	sb	(r1),r2
 1877  000025a0  0bffffbc	j	L101_LF2
 1878  000025a4  54000000	nop; delay slot nop
 1879  000025a8          	L102_LF2:
 1880  000025a8          	L100_LF2:
 1881  000025a8  8fa20000	lw	r2,0(r29)
 1882  000025ac  8fa30004	lw	r3,4(r29)
 1883  000025b0  8fdffff8	lw	r31,-8(r30)
 1884  000025b4  001ee820	add	r29,r0,r30
 1885  000025b8  8fdefffc	lw	r30,-4(r30)
 1886  000025bc  4be00000	jr	r31
 1887  000025c0  54000000	nop
 1888  000025c4          	.endproc _bcopy
 1889  000025c4          	.align 2
 1890  000025c4          	.proc _bzero
 1891  000025c4          	.global _bzero
 1892  000025c4          	_bzero:
 1893                      ;  Function 'bzero'; 0 bytes of locals, 1 regs to save.
 1894  000025c4  afbefffc	sw	-4(r29),r30; push fp
 1895  000025c8  001df020	add	r30,r0,r29; fp = sp
 1896  000025cc  afbffff8	sw	-8(r29),r31; push ret addr
 1897  000025d0  2fbd0010	subui	r29,r29,#16; alloc local storage
 1898  000025d4  afa20000	sw	0(r29),r2
 1899  000025d8  54000000	nop
 1900  000025dc          	L105_LF2:
 1901  000025dc  8fc10004	lw	r1,4(r30)
 1902  000025e0  2022ffff	addi	r2,r1,#-1
 1903  000025e4  afc20004	sw	4(r30),r2
 1904  000025e8  6c210000	sgti	r1,r1,#0
 1905  000025ec  1420000c	bnez	r1,L107_LF2
 1906  000025f0  54000000	nop; delay slot nop
 1907  000025f4  08000020	j	L106_LF2
 1908  000025f8  54000000	nop; delay slot nop
 1909  000025fc          	L107_LF2:
 1910  000025fc  8fc10000	lw	r1,(r30)
 1911  00002600  20220001	addi	r2,r1,#1
 1912  00002604  afc20000	sw	(r30),r2
 1913  00002608  20020000	addi	r2,r0,(#0x0)&0xff
 1914  0000260c  a0220000	sb	(r1),r2
 1915  00002610  0bffffc8	j	L105_LF2
 1916  00002614  54000000	nop; delay slot nop
 1917  00002618          	L106_LF2:
 1918  00002618          	L104_LF2:
 1919  00002618  8fa20000	lw	r2,0(r29)
 1920  0000261c  8fdffff8	lw	r31,-8(r30)
 1921  00002620  001ee820	add	r29,r0,r30
 1922  00002624  8fdefffc	lw	r30,-4(r30)
 1923  00002628  4be00000	jr	r31
 1924  0000262c  54000000	nop
 1925  00002630          	.endproc _bzero
 1926  00002630          	.align 2
 1927  00002630          	.proc _min
 1928  00002630          	.global _min
 1929  00002630          	_min:
 1930                      ;  Function 'min'; 0 bytes of locals, 2 regs to save.
 1931  00002630  afbefffc	sw	-4(r29),r30; push fp
 1932  00002634  001df020	add	r30,r0,r29; fp = sp
 1933  00002638  afbffff8	sw	-8(r29),r31; push ret addr
 1934  0000263c  2fbd0010	subui	r29,r29,#16; alloc local storage
 1935  00002640  afa20000	sw	0(r29),r2
 1936  00002644  afa30004	sw	4(r29),r3
 1937  00002648  8fc10000	lw	r1,(r30)
 1938  0000264c  8fc20004	lw	r2,4(r30)
 1939  00002650  0022182c	sle	r3,r1,r2
 1940  00002654  14600008	bnez	r3,L109_LF2
 1941  00002658  54000000	nop; delay slot nop
 1942  0000265c  8fc10004	lw	r1,4(r30)
 1943  00002660          	L109_LF2:
 1944  00002660  08000004	j	L108_LF2
 1945  00002664  54000000	nop; delay slot nop
 1946  00002668          	L108_LF2:
 1947  00002668  8fa20000	lw	r2,0(r29)
 1948  0000266c  8fa30004	lw	r3,4(r29)
 1949  00002670  8fdffff8	lw	r31,-8(r30)
 1950  00002674  001ee820	add	r29,r0,r30
 1951  00002678  8fdefffc	lw	r30,-4(r30)
 1952  0000267c  4be00000	jr	r31
 1953  00002680  54000000	nop
 1954  00002684          	.endproc _min
 1955  00002684          	.align 2
 1956  00002684          	.proc _max
 1957  00002684          	.global _max
 1958  00002684          	_max:
 1959                      ;  Function 'max'; 0 bytes of locals, 2 regs to save.
 1960  00002684  afbefffc	sw	-4(r29),r30; push fp
 1961  00002688  001df020	add	r30,r0,r29; fp = sp
 1962  0000268c  afbffff8	sw	-8(r29),r31; push ret addr
 1963  00002690  2fbd0010	subui	r29,r29,#16; alloc local storage
 1964  00002694  afa20000	sw	0(r29),r2
 1965  00002698  afa30004	sw	4(r29),r3
 1966  0000269c  8fc10000	lw	r1,(r30)
 1967  000026a0  8fc20004	lw	r2,4(r30)
 1968  000026a4  0022182d	sge	r3,r1,r2
 1969  000026a8  14600008	bnez	r3,L111_LF2
 1970  000026ac  54000000	nop; delay slot nop
 1971  000026b0  8fc10004	lw	r1,4(r30)
 1972  000026b4          	L111_LF2:
 1973  000026b4  08000004	j	L110_LF2
 1974  000026b8  54000000	nop; delay slot nop
 1975  000026bc          	L110_LF2:
 1976  000026bc  8fa20000	lw	r2,0(r29)
 1977  000026c0  8fa30004	lw	r3,4(r29)
 1978  000026c4  8fdffff8	lw	r31,-8(r30)
 1979  000026c8  001ee820	add	r29,r0,r30
 1980  000026cc  8fdefffc	lw	r30,-4(r30)
 1981  000026d0  4be00000	jr	r31
 1982  000026d4  54000000	nop
 1983  000026d8          	.endproc _max
 1984                      ;;; Ethan L. Miller, 1999.  Released to the public domain
 1985                      ;;;
 1986                      ;;; Most of the traps are called in files from libtraps.
 1989  000026d8          	.align 2
 1990  000026d8          	.proc _exit
 1991  000026d8          	.global _exit
 1992  000026d8          	_exit:
 1993  000026d8  44000300	trap	#0x300
 1994  000026dc  4be00000	jr	r31
 1995  000026e0  54000000	nop
 1996  000026e4          	.endproc _exit
 1998                      ; for the benefit of gcc.
 1999  000026e4          	.proc ___main
 2000  000026e4          	.global ___main
 2001  000026e4          	___main:
 2002  000026e4  4be00000	jr	r31
 2003  000026e8  54000000	nop
 2004  000026ec          	.endproc ___main
 2005  000026ec          	.text
 2006  000026ec          	.global _etext
 2007  000026ec          	_etext:
 2008  000026ec          	.align 3
 2009  000026f0          	.data
 2010  00003264          	.global _edata
 2011  00003264          	_edata:
